09-05-2008 12:05:42.965 INFO chimera.controllers.site.main main.py:166 Starting system.
09-05-2008 12:05:42.967 INFO chimera.core.manager manager.py:123 Starting manager.
09-05-2008 12:05:42.971 INFO chimera.controllers.site.main main.py:178 Setting objects include path from command line parameters...
09-05-2008 12:05:42.972 INFO chimera.controllers.site.main main.py:189 Trying to start drivers...
09-05-2008 12:05:42.973 INFO chimera.controllers.site.main main.py:197 Trying to start instruments...
09-05-2008 12:05:42.973 INFO chimera.controllers.site.main main.py:205 Trying to start controllers...
09-05-2008 12:05:43.222 DEBUG chimera.controllers.scheduler.machine machine.py:84 Chaning state, from None to OFF.
09-05-2008 12:05:43.223 DEBUG chimera.controllers.scheduler.machine machine.py:98 Waking up
09-05-2008 12:05:43.225 INFO chimera.core.manager manager.py:480 Starting /Scheduler/sched.
09-05-2008 12:05:43.226 INFO chimera.core.manager manager.py:497 Running /Scheduler/sched. __main___.
09-05-2008 12:05:43.227 DEBUG chimera.controllers.scheduler.machine machine.py:84 Chaning state, from OFF to DIRTY.
09-05-2008 12:05:43.227 DEBUG chimera.controllers.scheduler.machine machine.py:98 Waking up
09-05-2008 12:05:43.228 INFO chimera.controllers.scheduler.machine machine.py:39 Starting scheduler machine
09-05-2008 12:05:43.228 DEBUG chimera.controllers.scheduler.machine machine.py:48 [dirty] database changed, rescheduling...
09-05-2008 12:05:43.257 INFO chimera.controllers.site.main main.py:213 System up and running.
09-05-2008 12:05:43.284 DEBUG chimera.controllers.scheduler.sequential sequential.py:28 rescheduling, found 2 programs.
09-05-2008 12:05:43.314 DEBUG chimera.controllers.scheduler.machine machine.py:98 Waking up
09-05-2008 12:05:43.315 DEBUG chimera.controllers.scheduler.machine machine.py:84 Chaning state, from DIRTY to IDLE.
09-05-2008 12:05:43.315 DEBUG chimera.controllers.scheduler.machine machine.py:98 Waking up
09-05-2008 12:05:43.316 DEBUG chimera.controllers.scheduler.machine machine.py:55 [idle] looking for something to do...
09-05-2008 12:05:43.320 DEBUG chimera.controllers.scheduler.machine machine.py:61 [idle] there is something to do, processing...
09-05-2008 12:05:43.321 DEBUG chimera.controllers.scheduler.machine machine.py:84 Chaning state, from IDLE to BUSY.
09-05-2008 12:05:43.323 DEBUG chimera.controllers.scheduler.machine machine.py:98 Waking up
09-05-2008 12:05:43.323 DEBUG chimera.controllers.scheduler.exposures exposures.py:22 processing exposure 1
09-05-2008 12:05:43.324 DEBUG chimera.controllers.scheduler.exposures exposures.py:25 [begin] frame 1/5 (V)
09-05-2008 12:05:43.325 DEBUG chimera.controllers.scheduler.machine machine.py:70 [busy] waiting tasks to finish..
09-05-2008 12:05:43.325 DEBUG chimera.controllers.scheduler.machine machine.py:92 Sleeping
09-05-2008 12:05:46.322 DEBUG chimera.controllers.scheduler.exposures exposures.py:27 [end] frame 1/5 (V)
09-05-2008 12:05:46.323 DEBUG chimera.controllers.scheduler.exposures exposures.py:25 [begin] frame 2/5 (V)
09-05-2008 12:05:49.322 DEBUG chimera.controllers.scheduler.exposures exposures.py:27 [end] frame 2/5 (V)
09-05-2008 12:05:49.323 DEBUG chimera.controllers.scheduler.exposures exposures.py:25 [begin] frame 3/5 (V)
09-05-2008 12:05:52.322 DEBUG chimera.controllers.scheduler.exposures exposures.py:27 [end] frame 3/5 (V)
09-05-2008 12:05:52.323 DEBUG chimera.controllers.scheduler.exposures exposures.py:25 [begin] frame 4/5 (V)
09-05-2008 12:05:55.322 DEBUG chimera.controllers.scheduler.exposures exposures.py:27 [end] frame 4/5 (V)
09-05-2008 12:05:55.323 DEBUG chimera.controllers.scheduler.exposures exposures.py:25 [begin] frame 5/5 (V)
09-05-2008 12:05:58.322 DEBUG chimera.controllers.scheduler.exposures exposures.py:27 [end] frame 5/5 (V)
09-05-2008 12:05:58.323 DEBUG chimera.controllers.scheduler.machine machine.py:98 Waking up
09-05-2008 12:05:58.323 DEBUG chimera.controllers.scheduler.machine machine.py:84 Chaning state, from BUSY to IDLE.
09-05-2008 12:05:58.323 DEBUG chimera.controllers.scheduler.machine machine.py:98 Waking up
09-05-2008 12:05:58.324 DEBUG chimera.controllers.scheduler.machine machine.py:55 [idle] looking for something to do...
09-05-2008 12:05:58.324 DEBUG chimera.controllers.scheduler.machine machine.py:61 [idle] there is something to do, processing...
09-05-2008 12:05:58.325 DEBUG chimera.controllers.scheduler.machine machine.py:84 Chaning state, from IDLE to BUSY.
09-05-2008 12:05:58.325 DEBUG chimera.controllers.scheduler.machine machine.py:98 Waking up
09-05-2008 12:05:58.326 DEBUG chimera.controllers.scheduler.exposures exposures.py:22 processing exposure 2
09-05-2008 12:05:58.327 DEBUG chimera.controllers.scheduler.exposures exposures.py:25 [begin] frame 1/2 (I)
09-05-2008 12:05:58.328 DEBUG chimera.controllers.scheduler.machine machine.py:70 [busy] waiting tasks to finish..
09-05-2008 12:05:58.328 DEBUG chimera.controllers.scheduler.machine machine.py:92 Sleeping
09-05-2008 12:06:01.326 DEBUG chimera.controllers.scheduler.exposures exposures.py:27 [end] frame 1/2 (I)
09-05-2008 12:06:01.327 DEBUG chimera.controllers.scheduler.exposures exposures.py:25 [begin] frame 2/2 (I)
09-05-2008 12:06:04.326 DEBUG chimera.controllers.scheduler.exposures exposures.py:27 [end] frame 2/2 (I)
09-05-2008 12:06:04.327 DEBUG chimera.controllers.scheduler.machine machine.py:98 Waking up
09-05-2008 12:06:04.327 DEBUG chimera.controllers.scheduler.machine machine.py:84 Chaning state, from BUSY to IDLE.
09-05-2008 12:06:04.327 DEBUG chimera.controllers.scheduler.machine machine.py:98 Waking up
09-05-2008 12:06:04.328 DEBUG chimera.controllers.scheduler.machine machine.py:55 [idle] looking for something to do...
09-05-2008 12:06:04.328 DEBUG chimera.controllers.scheduler.machine machine.py:67 [idle] there is nothing to do, sleeping...
09-05-2008 12:06:04.329 DEBUG chimera.controllers.scheduler.machine machine.py:92 Sleeping
