 getAz sent POSICAO?
 getAz ack CUPULA=0024
==================================================
Dome test
==================================================
Moving dome to azimuth 0 (north):
 slew sent CUPULA=000
 slew ack: GIRANDO
 slew fin: CUPULA=0000
done
==================================================
Starting sequential test at (Mon Jun 25 03:14:11 2007)
==================================================
Moving to 0:
 slew sent CUPULA=000
 slew ack: GIRANDO
 slew fin: CUPULA=0000
 getAz sent POSICAO?
 getAz ack CUPULA=0000
 slew time: 0.870
done

Moving to 1:
 slew sent CUPULA=000
 slew ack: GIRANDO
 slew fin: CUPULA=0000
 getAz sent POSICAO?
 getAz ack CUPULA=0000
 slew time: 0.869
done

Moving to 2:
 slew sent CUPULA=001
 slew ack: GIRANDO
 slew fin: CUPULA=0001
 getAz sent POSICAO?
 getAz ack CUPULA=0001
 slew time: 1.479
done

Moving to 3:
 slew sent CUPULA=001
 slew ack: GIRANDO
 slew fin: CUPULA=0001
 getAz sent POSICAO?
 getAz ack CUPULA=0001
 slew time: 0.880
done

Moving to 4:
 slew sent CUPULA=002
 slew ack: GIRANDO
 slew fin: CUPULA=0002
 getAz sent POSICAO?
 getAz ack CUPULA=0002
 slew time: 10.680
done

Moving to 5:
 slew sent CUPULA=002
 slew ack: GIRANDO
 slew fin: CUPULA=0002
 getAz sent POSICAO?
 getAz ack CUPULA=0002
 slew time: 0.879
done

Moving to 6:
 slew sent CUPULA=003
 slew ack: GIRANDO
 slew fin: CUPULA=0003
 getAz sent POSICAO?
 getAz ack CUPULA=0003
 slew time: 13.010
done

Moving to 7:
 slew sent CUPULA=003
 slew ack: GIRANDO
 slew fin: CUPULA=0003
 getAz sent POSICAO?
 getAz ack CUPULA=0003
 slew time: 0.869
done

Moving to 8:
 slew sent CUPULA=004
 slew ack: GIRANDO
 slew fin: CUPULA=0004
 getAz sent POSICAO?
 getAz ack CUPULA=0004
 slew time: 8.679
done

Moving to 9:
 slew sent CUPULA=004
 slew ack: GIRANDO
 slew fin: CUPULA=0004
 getAz sent POSICAO?
 getAz ack CUPULA=0004
 slew time: 0.879
done

Moving to 10:
 slew sent CUPULA=005
 slew ack: GIRANDO
 slew fin: CUPULA=0005
 getAz sent POSICAO?
 getAz ack CUPULA=0005
 slew time: 3.479
done

Moving to 11:
 slew sent CUPULA=005
 slew ack: GIRANDO
 slew fin: CUPULA=0005
 getAz sent POSICAO?
 getAz ack CUPULA=0005
 slew time: 0.879
done

Moving to 12:
 slew sent CUPULA=006
 slew ack: GIRANDO
 slew fin: CUPULA=0006
 getAz sent POSICAO?
 getAz ack CUPULA=0006
 slew time: 2.879
done

Moving to 13:
 slew sent CUPULA=006
 slew ack: GIRANDO
 slew fin: CUPULA=0006
 getAz sent POSICAO?
 getAz ack CUPULA=0006
 slew time: 0.879
done

Moving to 14:
 slew sent CUPULA=007
 slew ack: GIRANDO
 slew fin: CUPULA=0007
 getAz sent POSICAO?
 getAz ack CUPULA=0007
 slew time: 2.339
done

Moving to 15:
 slew sent CUPULA=007
 slew ack: GIRANDO
 slew fin: CUPULA=0007
 getAz sent POSICAO?
 getAz ack CUPULA=0007
 slew time: 0.869
done

Moving to 16:
 slew sent CUPULA=008
 slew ack: GIRANDO
 slew fin: CUPULA=0008
 getAz sent POSICAO?
 getAz ack CUPULA=0008
 slew time: 2.589
done

Moving to 17:
 slew sent CUPULA=008
 slew ack: GIRANDO
 slew fin: CUPULA=0008
 getAz sent POSICAO?
 getAz ack CUPULA=0008
 slew time: 0.869
done

Moving to 18:
 slew sent CUPULA=009
 slew ack: GIRANDO
 slew fin: CUPULA=0009
 getAz sent POSICAO?
 getAz ack CUPULA=0009
 slew time: 2.379
done

Moving to 19:
 slew sent CUPULA=009
 slew ack: GIRANDO
 slew fin: CUPULA=0009
 getAz sent POSICAO?
 getAz ack CUPULA=0009
 slew time: 0.879
done

Moving to 20:
 slew sent CUPULA=010
 slew ack: GIRANDO
 slew fin: CUPULA=0010
 getAz sent POSICAO?
 getAz ack CUPULA=0010
 slew time: 2.289
done

Moving to 21:
 slew sent CUPULA=010
 slew ack: GIRANDO
 slew fin: CUPULA=0010
 getAz sent POSICAO?
 getAz ack CUPULA=0010
 slew time: 0.869
done

Moving to 22:
 slew sent CUPULA=011
 slew ack: GIRANDO
 slew fin: CUPULA=0011
 getAz sent POSICAO?
 getAz ack CUPULA=0011
 slew time: 2.589
done

Moving to 23:
 slew sent CUPULA=011
 slew ack: GIRANDO
 slew fin: CUPULA=0011
 getAz sent POSICAO?
 getAz ack CUPULA=0011
 slew time: 0.879
done

Moving to 24:
 slew sent CUPULA=012
 slew ack: GIRANDO
 slew fin: CUPULA=0012
 getAz sent POSICAO?
 getAz ack CUPULA=0012
 slew time: 2.309
done

Moving to 25:
 slew sent CUPULA=012
 slew ack: GIRANDO
 slew fin: CUPULA=0012
 getAz sent POSICAO?
 getAz ack CUPULA=0012
 slew time: 0.879
done

Moving to 26:
 slew sent CUPULA=013
 slew ack: GIRANDO
 slew fin: CUPULA=0013
 getAz sent POSICAO?
 getAz ack CUPULA=0013
 slew time: 2.409
done

Moving to 27:
 slew sent CUPULA=013
 slew ack: GIRANDO
 slew fin: CUPULA=0013
 getAz sent POSICAO?
 getAz ack CUPULA=0013
 slew time: 0.879
done

Moving to 28:
 slew sent CUPULA=014
 slew ack: GIRANDO
 slew fin: CUPULA=0014
 getAz sent POSICAO?
 getAz ack CUPULA=0014
 slew time: 2.429
done

Moving to 29:
 slew sent CUPULA=014
 slew ack: GIRANDO
 slew fin: CUPULA=0014
 getAz sent POSICAO?
 getAz ack CUPULA=0014
 slew time: 0.869
done

Moving to 30:
 slew sent CUPULA=015
 slew ack: GIRANDO
 slew fin: CUPULA=0015
 getAz sent POSICAO?
 getAz ack CUPULA=0015
 slew time: 2.339
done

Moving to 31:
 slew sent CUPULA=015
 slew ack: GIRANDO
 slew fin: CUPULA=0015
 getAz sent POSICAO?
 getAz ack CUPULA=0015
 slew time: 0.869
done

Moving to 32:
 slew sent CUPULA=016
 slew ack: GIRANDO
 slew fin: CUPULA=0016
 getAz sent POSICAO?
 getAz ack CUPULA=0016
 slew time: 2.599
done

Moving to 33:
 slew sent CUPULA=016
 slew ack: GIRANDO
 slew fin: CUPULA=0016
 getAz sent POSICAO?
 getAz ack CUPULA=0016
 slew time: 0.869
done

Moving to 34:
 slew sent CUPULA=017
 slew ack: GIRANDO
 slew fin: CUPULA=0017
 getAz sent POSICAO?
 getAz ack CUPULA=0017
 slew time: 2.379
done

Moving to 35:
 slew sent CUPULA=017
 slew ack: GIRANDO
 slew fin: CUPULA=0017
 getAz sent POSICAO?
 getAz ack CUPULA=0017
 slew time: 0.879
done

Moving to 36:
 slew sent CUPULA=018
 slew ack: GIRANDO
 slew fin: CUPULA=0018
 getAz sent POSICAO?
 getAz ack CUPULA=0018
 slew time: 2.570
done

Moving to 37:
 slew sent CUPULA=018
 slew ack: GIRANDO
 slew fin: CUPULA=0018
 getAz sent POSICAO?
 getAz ack CUPULA=0018
 slew time: 0.869
done

Moving to 38:
 slew sent CUPULA=019
 slew ack: GIRANDO
 slew fin: CUPULA=0019
 getAz sent POSICAO?
 getAz ack CUPULA=0019
 slew time: 2.460
done

Moving to 39:
 slew sent CUPULA=019
 slew ack: GIRANDO
 slew fin: CUPULA=0019
 getAz sent POSICAO?
 getAz ack CUPULA=0019
 slew time: 0.879
done

Moving to 40:
 slew sent CUPULA=020
 slew ack: GIRANDO
 slew fin: CUPULA=0020
 getAz sent POSICAO?
 getAz ack CUPULA=0020
 slew time: 2.460
done

Moving to 41:
 slew sent CUPULA=020
 slew ack: GIRANDO
 slew fin: CUPULA=0020
 getAz sent POSICAO?
 getAz ack CUPULA=0020
 slew time: 0.869
done

Moving to 42:
 slew sent CUPULA=021
 slew ack: GIRANDO
 slew fin: CUPULA=0021
 getAz sent POSICAO?
 getAz ack CUPULA=0021
 slew time: 2.539
done

Moving to 43:
 slew sent CUPULA=021
 slew ack: GIRANDO
 slew fin: CUPULA=0021
 getAz sent POSICAO?
 getAz ack CUPULA=0021
 slew time: 0.869
done

Moving to 44:
 slew sent CUPULA=022
 slew ack: GIRANDO
 slew fin: CUPULA=0022
 getAz sent POSICAO?
 getAz ack CUPULA=0022
 slew time: 2.549
done

Moving to 45:
 slew sent CUPULA=022
 slew ack: GIRANDO
 slew fin: CUPULA=0022
 getAz sent POSICAO?
 getAz ack CUPULA=0022
 slew time: 0.879
done

Moving to 46:
 slew sent CUPULA=023
 slew ack: GIRANDO
 slew fin: CUPULA=0023
 getAz sent POSICAO?
 getAz ack CUPULA=0023
 slew time: 2.469
done

Moving to 47:
 slew sent CUPULA=023
 slew ack: GIRANDO
 slew fin: CUPULA=0023
 getAz sent POSICAO?
 getAz ack CUPULA=0023
 slew time: 0.890
done

Moving to 48:
 slew sent CUPULA=024
 slew ack: GIRANDO
 slew fin: CUPULA=0024
 getAz sent POSICAO?
 getAz ack CUPULA=0024
 slew time: 2.319
done

Moving to 49:
 slew sent CUPULA=024
 slew ack: GIRANDO
 slew fin: CUPULA=0024
 getAz sent POSICAO?
 getAz ack CUPULA=0024
 slew time: 0.879
done

Moving to 50:
 slew sent CUPULA=025
 slew ack: GIRANDO
 slew fin: CUPULA=0025
 getAz sent POSICAO?
 getAz ack CUPULA=0025
 slew time: 2.596
done

Moving to 51:
 slew sent CUPULA=025
 slew ack: GIRANDO
 slew fin: CUPULA=0025
 getAz sent POSICAO?
 getAz ack CUPULA=0025
 slew time: 0.882
done

Moving to 52:
 slew sent CUPULA=026
 slew ack: GIRANDO
 slew fin: CUPULA=0026
 getAz sent POSICAO?
 getAz ack CUPULA=0026
 slew time: 2.409
done

Moving to 53:
 slew sent CUPULA=026
 slew ack: GIRANDO
 slew fin: CUPULA=0026
 getAz sent POSICAO?
 getAz ack CUPULA=0026
 slew time: 0.869
done

Moving to 54:
 slew sent CUPULA=027
 slew ack: GIRANDO
 slew fin: CUPULA=0027
 getAz sent POSICAO?
 getAz ack CUPULA=0027
 slew time: 2.349
done

Moving to 55:
 slew sent CUPULA=027
 slew ack: GIRANDO
 slew fin: CUPULA=0027
 getAz sent POSICAO?
 getAz ack CUPULA=0027
 slew time: 0.879
done

Moving to 56:
 slew sent CUPULA=028
 slew ack: GIRANDO
 slew fin: CUPULA=0028
 getAz sent POSICAO?
 getAz ack CUPULA=0028
 slew time: 2.449
done

Moving to 57:
 slew sent CUPULA=028
 slew ack: GIRANDO
 slew fin: CUPULA=0028
 getAz sent POSICAO?
 getAz ack CUPULA=0028
 slew time: 0.879
done

Moving to 58:
 slew sent CUPULA=029
 slew ack: GIRANDO
 slew fin: CUPULA=0029
 getAz sent POSICAO?
 getAz ack CUPULA=0029
 slew time: 2.449
done

Moving to 59:
 slew sent CUPULA=029
 slew ack: GIRANDO
 slew fin: CUPULA=0029
 getAz sent POSICAO?
 getAz ack CUPULA=0029
 slew time: 0.879
done

Moving to 60:
 slew sent CUPULA=030
 slew ack: GIRANDO
 slew fin: CUPULA=0030
 getAz sent POSICAO?
 getAz ack CUPULA=0030
 slew time: 2.400
done

Moving to 61:
 slew sent CUPULA=030
 slew ack: GIRANDO
 slew fin: CUPULA=0030
 getAz sent POSICAO?
 getAz ack CUPULA=0030
 slew time: 0.879
done

Moving to 62:
 slew sent CUPULA=031
 slew ack: GIRANDO
 slew fin: CUPULA=0031
 getAz sent POSICAO?
 getAz ack CUPULA=0031
 slew time: 2.550
done

Moving to 63:
 slew sent CUPULA=031
 slew ack: GIRANDO
 slew fin: CUPULA=0031
 getAz sent POSICAO?
 getAz ack CUPULA=0031
 slew time: 0.869
done

Moving to 64:
 slew sent CUPULA=032
 slew ack: GIRANDO
 slew fin: CUPULA=0032
 getAz sent POSICAO?
 getAz ack CUPULA=0032
 slew time: 2.399
done

Moving to 65:
 slew sent CUPULA=032
 slew ack: GIRANDO
 slew fin: CUPULA=0032
 getAz sent POSICAO?
 getAz ack CUPULA=0032
 slew time: 0.879
done

Moving to 66:
 slew sent CUPULA=033
 slew ack: GIRANDO
 slew fin: CUPULA=0033
 getAz sent POSICAO?
 getAz ack CUPULA=0033
 slew time: 12.239
done

Moving to 67:
 slew sent CUPULA=033
 slew ack: GIRANDO
 slew fin: CUPULA=0033
 getAz sent POSICAO?
 getAz ack CUPULA=0033
 slew time: 0.879
done

Moving to 68:
 slew sent CUPULA=034
 slew ack: GIRANDO
 slew fin: CUPULA=0034
 getAz sent POSICAO?
 getAz ack CUPULA=0034
 slew time: 2.469
done

Moving to 69:
 slew sent CUPULA=034
 slew ack: GIRANDO
 slew fin: CUPULA=0034
 getAz sent POSICAO?
 getAz ack CUPULA=0034
 slew time: 0.879
done

Moving to 70:
 slew sent CUPULA=035
 slew ack: GIRANDO
 slew fin: CUPULA=0035
 getAz sent POSICAO?
 getAz ack CUPULA=0035
 slew time: 2.349
done

Moving to 71:
 slew sent CUPULA=035
 slew ack: GIRANDO
 slew fin: CUPULA=0035
 getAz sent POSICAO?
 getAz ack CUPULA=0035
 slew time: 0.870
done

Moving to 72:
 slew sent CUPULA=036
 slew ack: GIRANDO
 slew fin: CUPULA=0036
 getAz sent POSICAO?
 getAz ack CUPULA=0036
 slew time: 2.459
done

Moving to 73:
 slew sent CUPULA=036
 slew ack: GIRANDO
 slew fin: CUPULA=0036
 getAz sent POSICAO?
 getAz ack CUPULA=0036
 slew time: 0.869
done

Moving to 74:
 slew sent CUPULA=037
 slew ack: GIRANDO
 slew fin: CUPULA=0037
 getAz sent POSICAO?
 getAz ack CUPULA=0037
 slew time: 2.439
done

Moving to 75:
 slew sent CUPULA=037
 slew ack: GIRANDO
 slew fin: CUPULA=0037
 getAz sent POSICAO?
 getAz ack CUPULA=0037
 slew time: 0.879
done

Moving to 76:
 slew sent CUPULA=038
 slew ack: GIRANDO
 slew fin: CUPULA=0038
 getAz sent POSICAO?
 getAz ack CUPULA=0038
 slew time: 2.549
done

Moving to 77:
 slew sent CUPULA=038
 slew ack: GIRANDO
 slew fin: CUPULA=0038
 getAz sent POSICAO?
 getAz ack CUPULA=0038
 slew time: 0.879
done

Moving to 78:
 slew sent CUPULA=039
 slew ack: GIRANDO
 slew fin: CUPULA=0039
 getAz sent POSICAO?
 getAz ack CUPULA=0039
 slew time: 2.609
done

Moving to 79:
 slew sent CUPULA=039
 slew ack: GIRANDO
 slew fin: CUPULA=0039
 getAz sent POSICAO?
 getAz ack CUPULA=0039
 slew time: 0.879
done

Moving to 80:
 slew sent CUPULA=040
 slew ack: GIRANDO
 slew fin: CUPULA=0040
 getAz sent POSICAO?
 getAz ack CUPULA=0040
 slew time: 2.469
done

Moving to 81:
 slew sent CUPULA=040
 slew ack: GIRANDO
 slew fin: CUPULA=0040
 getAz sent POSICAO?
 getAz ack CUPULA=0040
 slew time: 0.879
done

Moving to 82:
 slew sent CUPULA=041
 slew ack: GIRANDO
 slew fin: CUPULA=0041
 getAz sent POSICAO?
 getAz ack CUPULA=0041
 slew time: 2.379
done

Moving to 83:
 slew sent CUPULA=041
 slew ack: GIRANDO
 slew fin: CUPULA=0041
 getAz sent POSICAO?
 getAz ack CUPULA=0041
 slew time: 0.879
done

Moving to 84:
 slew sent CUPULA=042
 slew ack: GIRANDO
 slew fin: CUPULA=0042
 getAz sent POSICAO?
 getAz ack CUPULA=0042
 slew time: 2.609
done

Moving to 85:
 slew sent CUPULA=042
 slew ack: GIRANDO
 slew fin: CUPULA=0042
 getAz sent POSICAO?
 getAz ack CUPULA=0042
 slew time: 0.879
done

Moving to 86:
 slew sent CUPULA=043
 slew ack: GIRANDO
 slew fin: CUPULA=0043
 getAz sent POSICAO?
 getAz ack CUPULA=0043
 slew time: 2.439
done

Moving to 87:
 slew sent CUPULA=043
 slew ack: GIRANDO
 slew fin: CUPULA=0043
 getAz sent POSICAO?
 getAz ack CUPULA=0043
 slew time: 0.879
done

Moving to 88:
 slew sent CUPULA=044
 slew ack: GIRANDO
 slew fin: CUPULA=0044
 getAz sent POSICAO?
 getAz ack CUPULA=0044
 slew time: 2.350
done

Moving to 89:
 slew sent CUPULA=044
 slew ack: GIRANDO
 slew fin: CUPULA=0044
 getAz sent POSICAO?
 getAz ack CUPULA=0044
 slew time: 0.879
done

Moving to 90:
 slew sent CUPULA=045
 slew ack: GIRANDO
 slew fin: CUPULA=0045
 getAz sent POSICAO?
 getAz ack CUPULA=0045
 slew time: 2.459
done

Moving to 91:
 slew sent CUPULA=045
 slew ack: GIRANDO
 slew fin: CUPULA=0045
 getAz sent POSICAO?
 getAz ack CUPULA=0045
 slew time: 0.879
done

Moving to 92:
 slew sent CUPULA=046
 slew ack: GIRANDO
 slew fin: CUPULA=0046
 getAz sent POSICAO?
 getAz ack CUPULA=0046
 slew time: 2.549
done

Moving to 93:
 slew sent CUPULA=046
 slew ack: GIRANDO
 slew fin: CUPULA=0046
 getAz sent POSICAO?
 getAz ack CUPULA=0046
 slew time: 0.880
done

Moving to 94:
 slew sent CUPULA=047
 slew ack: GIRANDO
 slew fin: CUPULA=0047
 getAz sent POSICAO?
 getAz ack CUPULA=0047
 slew time: 2.379
done

Moving to 95:
 slew sent CUPULA=047
 slew ack: GIRANDO
 slew fin: CUPULA=0047
 getAz sent POSICAO?
 getAz ack CUPULA=0047
 slew time: 0.879
done

Moving to 96:
 slew sent CUPULA=048
 slew ack: GIRANDO
 slew fin: CUPULA=0048
 getAz sent POSICAO?
 getAz ack CUPULA=0048
 slew time: 2.580
done

Moving to 97:
 slew sent CUPULA=048
 slew ack: GIRANDO
 slew fin: CUPULA=0048
 getAz sent POSICAO?
 getAz ack CUPULA=0048
 slew time: 0.878
done

Moving to 98:
 slew sent CUPULA=049
 slew ack: GIRANDO
 slew fin: CUPULA=0049
 getAz sent POSICAO?
 getAz ack CUPULA=0049
 slew time: 1.529
done

Moving to 99:
 slew sent CUPULA=049
 slew ack: GIRANDO
 slew fin: CUPULA=0049
 getAz sent POSICAO?
 getAz ack CUPULA=0049
 slew time: 0.889
done

Moving to 100:
 slew sent CUPULA=050
 slew ack: GIRANDO
 slew fin: CUPULA=0050
 getAz sent POSICAO?
 getAz ack CUPULA=0050
 slew time: 4.969
done

Moving to 101:
 slew sent CUPULA=050
 slew ack: GIRANDO
 slew fin: CUPULA=0050
 getAz sent POSICAO?
 getAz ack CUPULA=0050
 slew time: 0.869
done

Moving to 102:
 slew sent CUPULA=051
 slew ack: GIRANDO
 slew fin: CUPULA=0051
 getAz sent POSICAO?
 getAz ack CUPULA=0051
 slew time: 2.231
done

Moving to 103:
 slew sent CUPULA=051
 slew ack: GIRANDO
 slew fin: CUPULA=0051
 getAz sent POSICAO?
 getAz ack CUPULA=0051
 slew time: 0.879
done

Moving to 104:
 slew sent CUPULA=052
 slew ack: GIRANDO
 slew fin: CUPULA=0052
 getAz sent POSICAO?
 getAz ack CUPULA=0052
 slew time: 2.579
done

Moving to 105:
 slew sent CUPULA=052
 slew ack: GIRANDO
 slew fin: CUPULA=0052
 getAz sent POSICAO?
 getAz ack CUPULA=0052
 slew time: 0.879
done

Moving to 106:
 slew sent CUPULA=053
 slew ack: GIRANDO
 slew fin: CUPULA=0053
 getAz sent POSICAO?
 getAz ack CUPULA=0053
 slew time: 2.237
done

Moving to 107:
 slew sent CUPULA=053
 slew ack: GIRANDO
 slew fin: CUPULA=0053
 getAz sent POSICAO?
 getAz ack CUPULA=0053
 slew time: 0.869
done

Moving to 108:
 slew sent CUPULA=054
 slew ack: GIRANDO
 slew fin: CUPULA=0054
 getAz sent POSICAO?
 getAz ack CUPULA=0054
 slew time: 2.615
done

Moving to 109:
 slew sent CUPULA=054
 slew ack: GIRANDO
 slew fin: CUPULA=0054
 getAz sent POSICAO?
 getAz ack CUPULA=0054
 slew time: 0.879
done

Moving to 110:
 slew sent CUPULA=055
 slew ack: GIRANDO
 slew fin: CUPULA=0055
 getAz sent POSICAO?
 getAz ack CUPULA=0055
 slew time: 2.299
done

Moving to 111:
 slew sent CUPULA=055
 slew ack: GIRANDO
 slew fin: CUPULA=0055
 getAz sent POSICAO?
 getAz ack CUPULA=0055
 slew time: 0.879
done

Moving to 112:
 slew sent CUPULA=056
 slew ack: GIRANDO
 slew fin: CUPULA=0056
 getAz sent POSICAO?
 getAz ack CUPULA=0056
 slew time: 2.409
done

Moving to 113:
 slew sent CUPULA=056
 slew ack: GIRANDO
 slew fin: CUPULA=0056
 getAz sent POSICAO?
 getAz ack CUPULA=0056
 slew time: 0.879
done

Moving to 114:
 slew sent CUPULA=057
 slew ack: GIRANDO
 slew fin: CUPULA=0057
 getAz sent POSICAO?
 getAz ack CUPULA=0057
 slew time: 2.599
done

Moving to 115:
 slew sent CUPULA=057
 slew ack: GIRANDO
 slew fin: CUPULA=0057
 getAz sent POSICAO?
 getAz ack CUPULA=0057
 slew time: 0.879
done

Moving to 116:
 slew sent CUPULA=058
 slew ack: GIRANDO
 slew fin: CUPULA=0058
 getAz sent POSICAO?
 getAz ack CUPULA=0058
 slew time: 2.299
done

Moving to 117:
 slew sent CUPULA=058
 slew ack: GIRANDO
 slew fin: CUPULA=0058
 getAz sent POSICAO?
 getAz ack CUPULA=0058
 slew time: 0.879
done

Moving to 118:
 slew sent CUPULA=059
 slew ack: GIRANDO
 slew fin: CUPULA=0059
 getAz sent POSICAO?
 getAz ack CUPULA=0059
 slew time: 2.599
done

Moving to 119:
 slew sent CUPULA=059
 slew ack: GIRANDO
 slew fin: CUPULA=0059
 getAz sent POSICAO?
 getAz ack CUPULA=0059
 slew time: 0.879
done

Moving to 120:
 slew sent CUPULA=060
 slew ack: GIRANDO
 slew fin: CUPULA=0060
 getAz sent POSICAO?
 getAz ack CUPULA=0060
 slew time: 1.529
done

Moving to 121:
 slew sent CUPULA=060
 slew ack: GIRANDO
 slew fin: CUPULA=0060
 getAz sent POSICAO?
 getAz ack CUPULA=0060
 slew time: 0.878
done

Moving to 122:
 slew sent CUPULA=061
 slew ack: GIRANDO
 slew fin: CUPULA=0061
 getAz sent POSICAO?
 getAz ack CUPULA=0061
 slew time: 4.910
done

Moving to 123:
 slew sent CUPULA=061
 slew ack: GIRANDO
 slew fin: CUPULA=0061
 getAz sent POSICAO?
 getAz ack CUPULA=0061
 slew time: 0.879
done

Moving to 124:
 slew sent CUPULA=062
 slew ack: GIRANDO
 slew fin: CUPULA=0062
 getAz sent POSICAO?
 getAz ack CUPULA=0062
 slew time: 2.409
done

Moving to 125:
 slew sent CUPULA=062
 slew ack: GIRANDO
 slew fin: CUPULA=0062
 getAz sent POSICAO?
 getAz ack CUPULA=0062
 slew time: 0.869
done

Moving to 126:
 slew sent CUPULA=063
 slew ack: GIRANDO
 slew fin: CUPULA=0063
 getAz sent POSICAO?
 getAz ack CUPULA=0063
 slew time: 2.430
done

Moving to 127:
 slew sent CUPULA=063
 slew ack: GIRANDO
 slew fin: CUPULA=0063
 getAz sent POSICAO?
 getAz ack CUPULA=0063
 slew time: 0.869
done

Moving to 128:
 slew sent CUPULA=064
 slew ack: GIRANDO
 slew fin: CUPULA=0064
 getAz sent POSICAO?
 getAz ack CUPULA=0064
 slew time: 2.430
done

Moving to 129:
 slew sent CUPULA=064
 slew ack: GIRANDO
 slew fin: CUPULA=0064
 getAz sent POSICAO?
 getAz ack CUPULA=0064
 slew time: 0.879
done

Moving to 130:
 slew sent CUPULA=065
 slew ack: GIRANDO
 slew fin: CUPULA=0065
 getAz sent POSICAO?
 getAz ack CUPULA=0065
 slew time: 2.599
done

Moving to 131:
 slew sent CUPULA=065
 slew ack: GIRANDO
 slew fin: CUPULA=0065
 getAz sent POSICAO?
 getAz ack CUPULA=0065
 slew time: 0.879
done

Moving to 132:
 slew sent CUPULA=066
 slew ack: GIRANDO
 slew fin: CUPULA=0066
 getAz sent POSICAO?
 getAz ack CUPULA=0066
 slew time: 2.339
done

Moving to 133:
 slew sent CUPULA=066
 slew ack: GIRANDO
 slew fin: CUPULA=0066
 getAz sent POSICAO?
 getAz ack CUPULA=0066
 slew time: 0.869
done

Moving to 134:
 slew sent CUPULA=067
 slew ack: GIRANDO
 slew fin: CUPULA=0067
 getAz sent POSICAO?
 getAz ack CUPULA=0067
 slew time: 2.409
done

Moving to 135:
 slew sent CUPULA=067
 slew ack: GIRANDO
 slew fin: CUPULA=0067
 getAz sent POSICAO?
 getAz ack CUPULA=0067
 slew time: 0.879
done

Moving to 136:
 slew sent CUPULA=068
 slew ack: GIRANDO
 slew fin: CUPULA=0068
 getAz sent POSICAO?
 getAz ack CUPULA=0068
 slew time: 2.579
done

Moving to 137:
 slew sent CUPULA=068
 slew ack: GIRANDO
 slew fin: CUPULA=0068
 getAz sent POSICAO?
 getAz ack CUPULA=0068
 slew time: 0.879
done

Moving to 138:
 slew sent CUPULA=069
 slew ack: GIRANDO
 slew fin: CUPULA=0069
 getAz sent POSICAO?
 getAz ack CUPULA=0069
 slew time: 1.520
done

Moving to 139:
 slew sent CUPULA=069
 slew ack: GIRANDO
 slew fin: CUPULA=0069
 getAz sent POSICAO?
 getAz ack CUPULA=0069
 slew time: 0.879
done

Moving to 140:
 slew sent CUPULA=070
 slew ack: GIRANDO
 slew fin: CUPULA=0070
 getAz sent POSICAO?
 getAz ack CUPULA=0070
 slew time: 11.000
done

Moving to 141:
 slew sent CUPULA=070
 slew ack: GIRANDO
 slew fin: CUPULA=0070
 getAz sent POSICAO?
 getAz ack CUPULA=0070
 slew time: 0.870
done

Moving to 142:
 slew sent CUPULA=071
 slew ack: GIRANDO
 slew fin: CUPULA=0071
 getAz sent POSICAO?
 getAz ack CUPULA=0071
 slew time: 5.279
done

Moving to 143:
 slew sent CUPULA=071
 slew ack: GIRANDO
 slew fin: CUPULA=0071
 getAz sent POSICAO?
 getAz ack CUPULA=0071
 slew time: 0.879
done

Moving to 144:
 slew sent CUPULA=072
 slew ack: GIRANDO
 slew fin: CUPULA=0072
 getAz sent POSICAO?
 getAz ack CUPULA=0072
 slew time: 10.910
done

Moving to 145:
 slew sent CUPULA=072
 slew ack: GIRANDO
 slew fin: CUPULA=0072
 getAz sent POSICAO?
 getAz ack CUPULA=0072
 slew time: 0.879
done

Moving to 146:
 slew sent CUPULA=073
 slew ack: GIRANDO
 slew fin: CUPULA=0073
 getAz sent POSICAO?
 getAz ack CUPULA=0073
 slew time: 6.119
done

Moving to 147:
 slew sent CUPULA=073
 slew ack: GIRANDO
 slew fin: CUPULA=0073
 getAz sent POSICAO?
 getAz ack CUPULA=0073
 slew time: 0.879
done

Moving to 148:
 slew sent CUPULA=074
 slew ack: GIRANDO
 slew fin: CUPULA=0074
 getAz sent POSICAO?
 getAz ack CUPULA=0074
 slew time: 1.529
done

Moving to 149:
 slew sent CUPULA=074
 slew ack: GIRANDO
 slew fin: CUPULA=0074
 getAz sent POSICAO?
 getAz ack CUPULA=0074
 slew time: 0.869
done

Moving to 150:
 slew sent CUPULA=075
 slew ack: GIRANDO
 slew fin: CUPULA=0075
 getAz sent POSICAO?
 getAz ack CUPULA=0075
 slew time: 4.789
done

Moving to 151:
 slew sent CUPULA=075
 slew ack: GIRANDO
 slew fin: CUPULA=0075
 getAz sent POSICAO?
 getAz ack CUPULA=0075
 slew time: 0.879
done

Moving to 152:
 slew sent CUPULA=076
 slew ack: GIRANDO
 slew fin: CUPULA=0076
 getAz sent POSICAO?
 getAz ack CUPULA=0076
 slew time: 2.240
done

Moving to 153:
 slew sent CUPULA=076
 slew ack: GIRANDO
 slew fin: CUPULA=0076
 getAz sent POSICAO?
 getAz ack CUPULA=0076
 slew time: 0.879
done

Moving to 154:
 slew sent CUPULA=077
 slew ack: GIRANDO
 slew fin: CUPULA=0077
 getAz sent POSICAO?
 getAz ack CUPULA=0077
 slew time: 2.609
done

Moving to 155:
 slew sent CUPULA=077
 slew ack: GIRANDO
 slew fin: CUPULA=0077
 getAz sent POSICAO?
 getAz ack CUPULA=0077
 slew time: 0.879
done

Moving to 156:
 slew sent CUPULA=078
 slew ack: GIRANDO
 slew fin: CUPULA=0078
 getAz sent POSICAO?
 getAz ack CUPULA=0078
 slew time: 2.060
done

Moving to 157:
 slew sent CUPULA=078
 slew ack: GIRANDO
 slew fin: CUPULA=0078
 getAz sent POSICAO?
 getAz ack CUPULA=0078
 slew time: 0.879
done

Moving to 158:
 slew sent CUPULA=079
 slew ack: GIRANDO
 slew fin: CUPULA=0079
 getAz sent POSICAO?
 getAz ack CUPULA=0079
 slew time: 2.549
done

Moving to 159:
 slew sent CUPULA=079
 slew ack: GIRANDO
 slew fin: CUPULA=0079
 getAz sent POSICAO?
 getAz ack CUPULA=0079
 slew time: 0.879
done

Moving to 160:
 slew sent CUPULA=080
 slew ack: GIRANDO
 slew fin: CUPULA=0080
 getAz sent POSICAO?
 getAz ack CUPULA=0080
 slew time: 2.609
done

Moving to 161:
 slew sent CUPULA=080
 slew ack: GIRANDO
 slew fin: CUPULA=0080
 getAz sent POSICAO?
 getAz ack CUPULA=0080
 slew time: 0.879
done

Moving to 162:
 slew sent CUPULA=081
 slew ack: GIRANDO
 slew fin: CUPULA=0081
 getAz sent POSICAO?
 getAz ack CUPULA=0081
 slew time: 2.349
done

Moving to 163:
 slew sent CUPULA=081
 slew ack: GIRANDO
 slew fin: CUPULA=0081
 getAz sent POSICAO?
 getAz ack CUPULA=0081
 slew time: 0.879
done

Moving to 164:
 slew sent CUPULA=082
 slew ack: GIRANDO
 slew fin: CUPULA=0082
 getAz sent POSICAO?
 getAz ack CUPULA=0082
 slew time: 2.579
done

Moving to 165:
 slew sent CUPULA=082
 slew ack: GIRANDO
 slew fin: CUPULA=0082
 getAz sent POSICAO?
 getAz ack CUPULA=0082
 slew time: 0.880
done

Moving to 166:
 slew sent CUPULA=083
 slew ack: GIRANDO
 slew fin: CUPULA=0083
 getAz sent POSICAO?
 getAz ack CUPULA=0083
 slew time: 2.459
done

Moving to 167:
 slew sent CUPULA=083
 slew ack: GIRANDO
 slew fin: CUPULA=0083
 getAz sent POSICAO?
 getAz ack CUPULA=0083
 slew time: 0.879
done

Moving to 168:
 slew sent CUPULA=084
 slew ack: GIRANDO
 slew fin: CUPULA=0084
 getAz sent POSICAO?
 getAz ack CUPULA=0084
 slew time: 2.319
done

Moving to 169:
 slew sent CUPULA=084
 slew ack: GIRANDO
 slew fin: CUPULA=0084
 getAz sent POSICAO?
 getAz ack CUPULA=0084
 slew time: 0.879
done

Moving to 170:
 slew sent CUPULA=085
 slew ack: GIRANDO
 slew fin: CUPULA=0085
 getAz sent POSICAO?
 getAz ack CUPULA=0085
 slew time: 2.609
done

Moving to 171:
 slew sent CUPULA=085
 slew ack: GIRANDO
 slew fin: CUPULA=0085
 getAz sent POSICAO?
 getAz ack CUPULA=0085
 slew time: 0.879
done

Moving to 172:
 slew sent CUPULA=086
 slew ack: GIRANDO
 slew fin: CUPULA=0086
 getAz sent POSICAO?
 getAz ack CUPULA=0086
 slew time: 2.299
done

Moving to 173:
 slew sent CUPULA=086
 slew ack: GIRANDO
 slew fin: CUPULA=0086
 getAz sent POSICAO?
 getAz ack CUPULA=0086
 slew time: 0.879
done

Moving to 174:
 slew sent CUPULA=087
 slew ack: GIRANDO
 slew fin: CUPULA=0087
 getAz sent POSICAO?
 getAz ack CUPULA=0087
 slew time: 2.549
done

Moving to 175:
 slew sent CUPULA=087
 slew ack: GIRANDO
 slew fin: CUPULA=0087
 getAz sent POSICAO?
 getAz ack CUPULA=0087
 slew time: 0.879
done

Moving to 176:
 slew sent CUPULA=088
 slew ack: GIRANDO
 slew fin: CUPULA=0088
 getAz sent POSICAO?
 getAz ack CUPULA=0088
 slew time: 2.469
done

Moving to 177:
 slew sent CUPULA=088
 slew ack: GIRANDO
 slew fin: CUPULA=0088
 getAz sent POSICAO?
 getAz ack CUPULA=0088
 slew time: 0.879
done

Moving to 178:
 slew sent CUPULA=089
 slew ack: GIRANDO
 slew fin: CUPULA=0089
 getAz sent POSICAO?
 getAz ack CUPULA=0089
 slew time: 2.599
done

Moving to 179:
 slew sent CUPULA=089
 slew ack: GIRANDO
 slew fin: CUPULA=0089
 getAz sent POSICAO?
 getAz ack CUPULA=0089
 slew time: 0.879
done

Moving to 180:
 slew sent CUPULA=090
 slew ack: GIRANDO
 slew fin: CUPULA=0090
 getAz sent POSICAO?
 getAz ack CUPULA=0090
 slew time: 2.319
done

Moving to 181:
 slew sent CUPULA=090
 slew ack: GIRANDO
 slew fin: CUPULA=0090
 getAz sent POSICAO?
 getAz ack CUPULA=0090
 slew time: 0.879
done

Moving to 182:
 slew sent CUPULA=091
 slew ack: GIRANDO
 slew fin: CUPULA=0091
 getAz sent POSICAO?
 getAz ack CUPULA=0091
 slew time: 2.409
done

Moving to 183:
 slew sent CUPULA=091
 slew ack: GIRANDO
 slew fin: CUPULA=0091
 getAz sent POSICAO?
 getAz ack CUPULA=0091
 slew time: 0.879
done

Moving to 184:
 slew sent CUPULA=092
 slew ack: GIRANDO
 slew fin: CUPULA=0092
 getAz sent POSICAO?
 getAz ack CUPULA=0092
 slew time: 2.599
done

Moving to 185:
 slew sent CUPULA=092
 slew ack: GIRANDO
 slew fin: CUPULA=0092
 getAz sent POSICAO?
 getAz ack CUPULA=0092
 slew time: 0.879
done

Moving to 186:
 slew sent CUPULA=093
 slew ack: GIRANDO
 slew fin: CUPULA=0093
 getAz sent POSICAO?
 getAz ack CUPULA=0093
 slew time: 1.619
done

Moving to 187:
 slew sent CUPULA=093
 slew ack: GIRANDO
 slew fin: CUPULA=0093
 getAz sent POSICAO?
 getAz ack CUPULA=0093
 slew time: 0.879
done

Moving to 188:
 slew sent CUPULA=094
 slew ack: GIRANDO
 slew fin: CUPULA=0094
 getAz sent POSICAO?
 getAz ack CUPULA=0094
 slew time: 11.770
done

Moving to 189:
 slew sent CUPULA=094
 slew ack: GIRANDO
 slew fin: CUPULA=0094
 getAz sent POSICAO?
 getAz ack CUPULA=0094
 slew time: 0.879
done

Moving to 190:
 slew sent CUPULA=095
 slew ack: GIRANDO
 slew fin: CUPULA=0095
 getAz sent POSICAO?
 getAz ack CUPULA=0095
 slew time: 5.139
done

Moving to 191:
 slew sent CUPULA=095
 slew ack: GIRANDO
 slew fin: CUPULA=0095
 getAz sent POSICAO?
 getAz ack CUPULA=0095
 slew time: 0.879
done

Moving to 192:
 slew sent CUPULA=096
 slew ack: GIRANDO
 slew fin: CUPULA=0096
 getAz sent POSICAO?
 getAz ack CUPULA=0096
 slew time: 2.379
done

Moving to 193:
 slew sent CUPULA=096
 slew ack: GIRANDO
 slew fin: CUPULA=0096
 getAz sent POSICAO?
 getAz ack CUPULA=0096
 slew time: 0.880
done

Moving to 194:
 slew sent CUPULA=097
 slew ack: GIRANDO
 slew fin: CUPULA=0097
 getAz sent POSICAO?
 getAz ack CUPULA=0097
 slew time: 2.609
done

Moving to 195:
 slew sent CUPULA=097
 slew ack: GIRANDO
 slew fin: CUPULA=0097
 getAz sent POSICAO?
 getAz ack CUPULA=0097
 slew time: 0.879
done

Moving to 196:
 slew sent CUPULA=098
 slew ack: GIRANDO
 slew fin: CUPULA=0098
 getAz sent POSICAO?
 getAz ack CUPULA=0098
 slew time: 2.409
done

Moving to 197:
 slew sent CUPULA=098
 slew ack: GIRANDO
 slew fin: CUPULA=0098
 getAz sent POSICAO?
 getAz ack CUPULA=0098
 slew time: 0.879
done

Moving to 198:
 slew sent CUPULA=099
 slew ack: GIRANDO
 slew fin: CUPULA=0099
 getAz sent POSICAO?
 getAz ack CUPULA=0099
 slew time: 2.349
done

Moving to 199:
 slew sent CUPULA=099
 slew ack: GIRANDO
 slew fin: CUPULA=0099
 getAz sent POSICAO?
 getAz ack CUPULA=0099
 slew time: 0.879
done

Moving to 200:
 slew sent CUPULA=100
 slew ack: GIRANDO
 slew fin: CUPULA=0100
 getAz sent POSICAO?
 getAz ack CUPULA=0100
 slew time: 2.610
done

Moving to 201:
 slew sent CUPULA=100
 slew ack: GIRANDO
 slew fin: CUPULA=0100
 getAz sent POSICAO?
 getAz ack CUPULA=0100
 slew time: 0.870
done

Moving to 202:
 slew sent CUPULA=101
 slew ack: GIRANDO
 slew fin: CUPULA=0101
 getAz sent POSICAO?
 getAz ack CUPULA=0101
 slew time: 2.349
done

Moving to 203:
 slew sent CUPULA=101
 slew ack: GIRANDO
 slew fin: CUPULA=0101
 getAz sent POSICAO?
 getAz ack CUPULA=0101
 slew time: 0.879
done

Moving to 204:
 slew sent CUPULA=102
 slew ack: GIRANDO
 slew fin: CUPULA=0102
 getAz sent POSICAO?
 getAz ack CUPULA=0102
 slew time: 2.609
done

Moving to 205:
 slew sent CUPULA=102
 slew ack: GIRANDO
 slew fin: CUPULA=0102
 getAz sent POSICAO?
 getAz ack CUPULA=0102
 slew time: 0.879
done

Moving to 206:
 slew sent CUPULA=103
 slew ack: GIRANDO
 slew fin: CUPULA=0103
 getAz sent POSICAO?
 getAz ack CUPULA=0103
 slew time: 2.350
done

Moving to 207:
 slew sent CUPULA=103
 slew ack: GIRANDO
 slew fin: CUPULA=0103
 getAz sent POSICAO?
 getAz ack CUPULA=0103
 slew time: 0.879
done

Moving to 208:
 slew sent CUPULA=104
 slew ack: GIRANDO
 slew fin: CUPULA=0104
 getAz sent POSICAO?
 getAz ack CUPULA=0104
 slew time: 2.409
done

Moving to 209:
 slew sent CUPULA=104
 slew ack: GIRANDO
 slew fin: CUPULA=0104
 getAz sent POSICAO?
 getAz ack CUPULA=0104
 slew time: 0.879
done

Moving to 210:
 slew sent CUPULA=105
 slew ack: GIRANDO
 slew fin: CUPULA=0105
 getAz sent POSICAO?
 getAz ack CUPULA=0105
 slew time: 2.469
done

Moving to 211:
 slew sent CUPULA=105
 slew ack: GIRANDO
 slew fin: CUPULA=0105
 getAz sent POSICAO?
 getAz ack CUPULA=0105
 slew time: 0.879
done

Moving to 212:
 slew sent CUPULA=106
 slew ack: GIRANDO
 slew fin: CUPULA=0106
 getAz sent POSICAO?
 getAz ack CUPULA=0106
 slew time: 2.309
done

Moving to 213:
 slew sent CUPULA=106
 slew ack: GIRANDO
 slew fin: CUPULA=0106
 getAz sent POSICAO?
 getAz ack CUPULA=0106
 slew time: 0.879
done

Moving to 214:
 slew sent CUPULA=107
 slew ack: GIRANDO
 slew fin: CUPULA=0107
 getAz sent POSICAO?
 getAz ack CUPULA=0107
 slew time: 2.749
done

Moving to 215:
 slew sent CUPULA=107
 slew ack: GIRANDO
 slew fin: CUPULA=0107
 getAz sent POSICAO?
 getAz ack CUPULA=0107
 slew time: 0.869
done

Moving to 216:
 slew sent CUPULA=108
 slew ack: GIRANDO
 slew fin: CUPULA=0108
 getAz sent POSICAO?
 getAz ack CUPULA=0108
 slew time: 2.599
done

Moving to 217:
 slew sent CUPULA=108
 slew ack: GIRANDO
 slew fin: CUPULA=0108
 getAz sent POSICAO?
 getAz ack CUPULA=0108
 slew time: 0.879
done

Moving to 218:
 slew sent CUPULA=109
 slew ack: GIRANDO
 slew fin: CUPULA=0109
 getAz sent POSICAO?
 getAz ack CUPULA=0109
 slew time: 2.349
done

Moving to 219:
 slew sent CUPULA=109
 slew ack: GIRANDO
 slew fin: CUPULA=0109
 getAz sent POSICAO?
 getAz ack CUPULA=0109
 slew time: 0.869
done

Moving to 220:
 slew sent CUPULA=110
 slew ack: GIRANDO
 slew fin: CUPULA=0110
 getAz sent POSICAO?
 getAz ack CUPULA=0110
 slew time: 2.579
done

Moving to 221:
 slew sent CUPULA=110
 slew ack: GIRANDO
 slew fin: CUPULA=0110
 getAz sent POSICAO?
 getAz ack CUPULA=0110
 slew time: 0.879
done

Moving to 222:
 slew sent CUPULA=111
 slew ack: GIRANDO
 slew fin: CUPULA=0111
 getAz sent POSICAO?
 getAz ack CUPULA=0111
 slew time: 2.469
done

Moving to 223:
 slew sent CUPULA=111
 slew ack: GIRANDO
 slew fin: CUPULA=0111
 getAz sent POSICAO?
 getAz ack CUPULA=0111
 slew time: 0.879
done

Moving to 224:
 slew sent CUPULA=112
 slew ack: GIRANDO
 slew fin: CUPULA=0112
 getAz sent POSICAO?
 getAz ack CUPULA=0112
 slew time: 2.399
done

Moving to 225:
 slew sent CUPULA=112
 slew ack: GIRANDO
 slew fin: CUPULA=0112
 getAz sent POSICAO?
 getAz ack CUPULA=0112
 slew time: 0.869
done

Moving to 226:
 slew sent CUPULA=113
 slew ack: GIRANDO
 slew fin: CUPULA=0113
 getAz sent POSICAO?
 getAz ack CUPULA=0113
 slew time: 2.369
done

Moving to 227:
 slew sent CUPULA=113
 slew ack: GIRANDO
 slew fin: CUPULA=0113
 getAz sent POSICAO?
 getAz ack CUPULA=0113
 slew time: 0.869
done

Moving to 228:
 slew sent CUPULA=114
 slew ack: GIRANDO
 slew fin: CUPULA=0114
 getAz sent POSICAO?
 getAz ack CUPULA=0114
 slew time: 2.599
done

Moving to 229:
 slew sent CUPULA=114
 slew ack: GIRANDO
 slew fin: CUPULA=0114
 getAz sent POSICAO?
 getAz ack CUPULA=0114
 slew time: 0.869
done

Moving to 230:
 slew sent CUPULA=115
 slew ack: GIRANDO
 slew fin: CUPULA=0115
 getAz sent POSICAO?
 getAz ack CUPULA=0115
 slew time: 1.529
done

Moving to 231:
 slew sent CUPULA=115
 slew ack: GIRANDO
 slew fin: CUPULA=0115
 getAz sent POSICAO?
 getAz ack CUPULA=0115
 slew time: 0.929
done

Moving to 232:
 slew sent CUPULA=116
 slew ack: GIRANDO
 slew fin: CUPULA=0116
 getAz sent POSICAO?
 getAz ack CUPULA=0116
 slew time: 10.449
done

Moving to 233:
 slew sent CUPULA=116
 slew ack: GIRANDO
 slew fin: CUPULA=0116
 getAz sent POSICAO?
 getAz ack CUPULA=0116
 slew time: 0.879
done

Moving to 234:
 slew sent CUPULA=117
 slew ack: GIRANDO
 slew fin: CUPULA=0117
 getAz sent POSICAO?
 getAz ack CUPULA=0117
 slew time: 5.569
done

Moving to 235:
 slew sent CUPULA=117
 slew ack: GIRANDO
 slew fin: CUPULA=0117
 getAz sent POSICAO?
 getAz ack CUPULA=0117
 slew time: 0.879
done

Moving to 236:
 slew sent CUPULA=118
 slew ack: GIRANDO
 slew fin: CUPULA=0118
 getAz sent POSICAO?
 getAz ack CUPULA=0118
 slew time: 2.629
done

Moving to 237:
 slew sent CUPULA=118
 slew ack: GIRANDO
 slew fin: CUPULA=0118
 getAz sent POSICAO?
 getAz ack CUPULA=0118
 slew time: 0.879
done

Moving to 238:
 slew sent CUPULA=119
 slew ack: GIRANDO
 slew fin: CUPULA=0119
 getAz sent POSICAO?
 getAz ack CUPULA=0119
 slew time: 2.409
done

Moving to 239:
 slew sent CUPULA=119
 slew ack: GIRANDO
 slew fin: CUPULA=0119
 getAz sent POSICAO?
 getAz ack CUPULA=0119
 slew time: 0.879
done

Moving to 240:
 slew sent CUPULA=120
 slew ack: GIRANDO
 slew fin: CUPULA=0120
 getAz sent POSICAO?
 getAz ack CUPULA=0120
 slew time: 2.370
done

Moving to 241:
 slew sent CUPULA=120
 slew ack: GIRANDO
 slew fin: CUPULA=0120
 getAz sent POSICAO?
 getAz ack CUPULA=0120
 slew time: 0.879
done

Moving to 242:
 slew sent CUPULA=121
 slew ack: GIRANDO
 slew fin: CUPULA=0121
 getAz sent POSICAO?
 getAz ack CUPULA=0121
 slew time: 2.469
done

Moving to 243:
 slew sent CUPULA=121
 slew ack: GIRANDO
 slew fin: CUPULA=0121
 getAz sent POSICAO?
 getAz ack CUPULA=0121
 slew time: 0.879
done

Moving to 244:
 slew sent CUPULA=122
 slew ack: GIRANDO
 slew fin: CUPULA=0122
 getAz sent POSICAO?
 getAz ack CUPULA=0122
 slew time: 2.379
done

Moving to 245:
 slew sent CUPULA=122
 slew ack: GIRANDO
 slew fin: CUPULA=0122
 getAz sent POSICAO?
 getAz ack CUPULA=0122
 slew time: 0.879
done

Moving to 246:
 slew sent CUPULA=123
 slew ack: GIRANDO
 slew fin: CUPULA=0123
 getAz sent POSICAO?
 getAz ack CUPULA=0123
 slew time: 2.269
done

Moving to 247:
 slew sent CUPULA=123
 slew ack: GIRANDO
 slew fin: CUPULA=0123
 getAz sent POSICAO?
 getAz ack CUPULA=0123
 slew time: 0.879
done

Moving to 248:
 slew sent CUPULA=124
 slew ack: GIRANDO
 slew fin: CUPULA=0124
 getAz sent POSICAO?
 getAz ack CUPULA=0124
 slew time: 2.439
done

Moving to 249:
 slew sent CUPULA=124
 slew ack: GIRANDO
 slew fin: CUPULA=0124
 getAz sent POSICAO?
 getAz ack CUPULA=0124
 slew time: 0.879
done

Moving to 250:
 slew sent CUPULA=125
 slew ack: GIRANDO
 slew fin: CUPULA=0125
 getAz sent POSICAO?
 getAz ack CUPULA=0125
 slew time: 2.469
done

Moving to 251:
 slew sent CUPULA=125
 slew ack: GIRANDO
 slew fin: CUPULA=0125
 getAz sent POSICAO?
 getAz ack CUPULA=0125
 slew time: 0.879
done

Moving to 252:
 slew sent CUPULA=126
 slew ack: GIRANDO
 slew fin: CUPULA=0126
 getAz sent POSICAO?
 getAz ack CUPULA=0126
 slew time: 2.319
done

Moving to 253:
 slew sent CUPULA=126
 slew ack: GIRANDO
 slew fin: CUPULA=0126
 getAz sent POSICAO?
 getAz ack CUPULA=0126
 slew time: 0.879
done

Moving to 254:
 slew sent CUPULA=127
 slew ack: GIRANDO
 slew fin: CUPULA=0127
 getAz sent POSICAO?
 getAz ack CUPULA=0127
 slew time: 2.609
done

Moving to 255:
 slew sent CUPULA=127
 slew ack: GIRANDO
 slew fin: CUPULA=0127
 getAz sent POSICAO?
 getAz ack CUPULA=0127
 slew time: 0.899
done

Moving to 256:
 slew sent CUPULA=128
 slew ack: GIRANDO
 slew fin: CUPULA=0128
 getAz sent POSICAO?
 getAz ack CUPULA=0128
 slew time: 2.269
done

Moving to 257:
 slew sent CUPULA=128
 slew ack: GIRANDO
 slew fin: CUPULA=0128
 getAz sent POSICAO?
 getAz ack CUPULA=0128
 slew time: 0.879
done

Moving to 258:
 slew sent CUPULA=129
 slew ack: GIRANDO
 slew fin: CUPULA=0129
 getAz sent POSICAO?
 getAz ack CUPULA=0129
 slew time: 2.609
done

Moving to 259:
 slew sent CUPULA=129
 slew ack: GIRANDO
 slew fin: CUPULA=0129
 getAz sent POSICAO?
 getAz ack CUPULA=0129
 slew time: 0.879
done

Moving to 260:
 slew sent CUPULA=130
 slew ack: GIRANDO
 slew fin: CUPULA=0130
 getAz sent POSICAO?
 getAz ack CUPULA=0130
 slew time: 2.379
done

Moving to 261:
 slew sent CUPULA=130
 slew ack: GIRANDO
 slew fin: CUPULA=0130
 getAz sent POSICAO?
 getAz ack CUPULA=0130
 slew time: 0.879
done

Moving to 262:
 slew sent CUPULA=131
 slew ack: GIRANDO
 slew fin: CUPULA=0131
 getAz sent POSICAO?
 getAz ack CUPULA=0131
 slew time: 1.529
done

Moving to 263:
 slew sent CUPULA=131
 slew ack: GIRANDO
 slew fin: CUPULA=0131
 getAz sent POSICAO?
 getAz ack CUPULA=0131
 slew time: 0.879
done

Moving to 264:
 slew sent CUPULA=132
 slew ack: GIRANDO
 slew fin: CUPULA=0132
 getAz sent POSICAO?
 getAz ack CUPULA=0132
 slew time: 14.850
done

Moving to 265:
 slew sent CUPULA=132
 slew ack: GIRANDO
 slew fin: CUPULA=0132
 getAz sent POSICAO?
 getAz ack CUPULA=0132
 slew time: 0.879
done

Moving to 266:
 slew sent CUPULA=133
 slew ack: GIRANDO
 slew fin: CUPULA=0133
 getAz sent POSICAO?
 getAz ack CUPULA=0133
 slew time: 4.579
done

Moving to 267:
 slew sent CUPULA=133
 slew ack: GIRANDO
 slew fin: CUPULA=0133
 getAz sent POSICAO?
 getAz ack CUPULA=0133
 slew time: 0.879
done

Moving to 268:
 slew sent CUPULA=134
 slew ack: GIRANDO
 slew fin: CUPULA=0134
 getAz sent POSICAO?
 getAz ack CUPULA=0134
 slew time: 2.609
done

Moving to 269:
 slew sent CUPULA=134
 slew ack: GIRANDO
 slew fin: CUPULA=0134
 getAz sent POSICAO?
 getAz ack CUPULA=0134
 slew time: 0.869
done

Moving to 270:
 slew sent CUPULA=135
 slew ack: GIRANDO
 slew fin: CUPULA=0135
 getAz sent POSICAO?
 getAz ack CUPULA=0135
 slew time: 1.494
done

Moving to 271:
 slew sent CUPULA=135
 slew ack: GIRANDO
 slew fin: CUPULA=0135
 getAz sent POSICAO?
 getAz ack CUPULA=0135
 slew time: 0.869
done

Moving to 272:
 slew sent CUPULA=136
 slew ack: GIRANDO
 slew fin: CUPULA=0136
 getAz sent POSICAO?
 getAz ack CUPULA=0136
 slew time: 4.910
done

Moving to 273:
 slew sent CUPULA=136
 slew ack: GIRANDO
 slew fin: CUPULA=0136
 getAz sent POSICAO?
 getAz ack CUPULA=0136
 slew time: 0.879
done

Moving to 274:
 slew sent CUPULA=137
 slew ack: GIRANDO
 slew fin: CUPULA=0137
 getAz sent POSICAO?
 getAz ack CUPULA=0137
 slew time: 1.479
done

Moving to 275:
 slew sent CUPULA=137
 slew ack: GIRANDO
 slew fin: CUPULA=0137
 getAz sent POSICAO?
 getAz ack CUPULA=0137
 slew time: 0.879
done

Moving to 276:
 slew sent CUPULA=138
 slew ack: GIRANDO
 slew fin: CUPULA=0138
 getAz sent POSICAO?
 getAz ack CUPULA=0138
 slew time: 4.719
done

Moving to 277:
 slew sent CUPULA=138
 slew ack: GIRANDO
 slew fin: CUPULA=0138
 getAz sent POSICAO?
 getAz ack CUPULA=0138
 slew time: 0.869
done

Moving to 278:
 slew sent CUPULA=139
 slew ack: GIRANDO
 slew fin: CUPULA=0139
 getAz sent POSICAO?
 getAz ack CUPULA=0139
 slew time: 1.469
done

Moving to 279:
 slew sent CUPULA=139
 slew ack: GIRANDO
 slew fin: CUPULA=0139
 getAz sent POSICAO?
 getAz ack CUPULA=0139
 slew time: 0.869
done

Moving to 280:
 slew sent CUPULA=140
 slew ack: GIRANDO
 slew fin: CUPULA=0140
 getAz sent POSICAO?
 getAz ack CUPULA=0140
 slew time: 4.800
done

Moving to 281:
 slew sent CUPULA=140
 slew ack: GIRANDO
 slew fin: CUPULA=0140
 getAz sent POSICAO?
 getAz ack CUPULA=0140
 slew time: 0.869
done

Moving to 282:
 slew sent CUPULA=141
 slew ack: GIRANDO
 slew fin: CUPULA=0141
 getAz sent POSICAO?
 getAz ack CUPULA=0141
 slew time: 1.469
done

Moving to 283:
 slew sent CUPULA=141
 slew ack: GIRANDO
 slew fin: CUPULA=0141
 getAz sent POSICAO?
 getAz ack CUPULA=0141
 slew time: 0.869
done

Moving to 284:
 slew sent CUPULA=142
 slew ack: GIRANDO
 slew fin: CUPULA=0142
 getAz sent POSICAO?
 getAz ack CUPULA=0142
 slew time: 4.770
done

Moving to 285:
 slew sent CUPULA=142
 slew ack: GIRANDO
 slew fin: CUPULA=0142
 getAz sent POSICAO?
 getAz ack CUPULA=0142
 slew time: 0.869
done

Moving to 286:
 slew sent CUPULA=143
 slew ack: GIRANDO
 slew fin: CUPULA=0143
 getAz sent POSICAO?
 getAz ack CUPULA=0143
 slew time: 2.609
done

Moving to 287:
 slew sent CUPULA=143
 slew ack: GIRANDO
 slew fin: CUPULA=0143
 getAz sent POSICAO?
 getAz ack CUPULA=0143
 slew time: 0.879
done

Moving to 288:
 slew sent CUPULA=144
 slew ack: GIRANDO
 slew fin: CUPULA=0144
 getAz sent POSICAO?
 getAz ack CUPULA=0144
 slew time: 1.479
done

Moving to 289:
 slew sent CUPULA=144
 slew ack: GIRANDO
 slew fin: CUPULA=0144
 getAz sent POSICAO?
 getAz ack CUPULA=0144
 slew time: 0.879
done

Moving to 290:
 slew sent CUPULA=145
 slew ack: GIRANDO
 slew fin: CUPULA=0145
 getAz sent POSICAO?
 getAz ack CUPULA=0145
 slew time: 4.859
done

Moving to 291:
 slew sent CUPULA=145
 slew ack: GIRANDO
 slew fin: CUPULA=0145
 getAz sent POSICAO?
 getAz ack CUPULA=0145
 slew time: 0.869
done

Moving to 292:
 slew sent CUPULA=146
 slew ack: GIRANDO
 slew fin: CUPULA=0146
 getAz sent POSICAO?
 getAz ack CUPULA=0146
 slew time: 2.259
done

Moving to 293:
 slew sent CUPULA=146
 slew ack: GIRANDO
 slew fin: CUPULA=0146
 getAz sent POSICAO?
 getAz ack CUPULA=0146
 slew time: 0.869
done

Moving to 294:
 slew sent CUPULA=147
 slew ack: GIRANDO
 slew fin: CUPULA=0147
 getAz sent POSICAO?
 getAz ack CUPULA=0147
 slew time: 2.609
done

Moving to 295:
 slew sent CUPULA=147
 slew ack: GIRANDO
 slew fin: CUPULA=0147
 getAz sent POSICAO?
 getAz ack CUPULA=0147
 slew time: 0.869
done

Moving to 296:
 slew sent CUPULA=148
 slew ack: GIRANDO
 slew fin: CUPULA=0148
 getAz sent POSICAO?
 getAz ack CUPULA=0148
 slew time: 2.349
done

Moving to 297:
 slew sent CUPULA=148
 slew ack: GIRANDO
 slew fin: CUPULA=0148
 getAz sent POSICAO?
 getAz ack CUPULA=0148
 slew time: 0.879
done

Moving to 298:
 slew sent CUPULA=149
 slew ack: GIRANDO
 slew fin: CUPULA=0149
 getAz sent POSICAO?
 getAz ack CUPULA=0149
 slew time: 2.439
done

Moving to 299:
 slew sent CUPULA=149
 slew ack: GIRANDO
 slew fin: CUPULA=0149
 getAz sent POSICAO?
 getAz ack CUPULA=0149
 slew time: 0.879
done

Moving to 300:
 slew sent CUPULA=150
 slew ack: GIRANDO
 slew fin: CUPULA=0150
 getAz sent POSICAO?
 getAz ack CUPULA=0150
 slew time: 2.379
done

Moving to 301:
 slew sent CUPULA=150
 slew ack: GIRANDO
 slew fin: CUPULA=0150
 getAz sent POSICAO?
 getAz ack CUPULA=0150
 slew time: 0.879
done

Moving to 302:
 slew sent CUPULA=151
 slew ack: GIRANDO
 slew fin: CUPULA=0151
 getAz sent POSICAO?
 getAz ack CUPULA=0151
 slew time: 2.459
done

Moving to 303:
 slew sent CUPULA=151
 slew ack: GIRANDO
 slew fin: CUPULA=0151
 getAz sent POSICAO?
 getAz ack CUPULA=0151
 slew time: 0.899
done

Moving to 304:
 slew sent CUPULA=152
 slew ack: GIRANDO
 slew fin: CUPULA=0152
 getAz sent POSICAO?
 getAz ack CUPULA=0152
 slew time: 2.459
done

Moving to 305:
 slew sent CUPULA=152
 slew ack: GIRANDO
 slew fin: CUPULA=0152
 getAz sent POSICAO?
 getAz ack CUPULA=0152
 slew time: 0.869
done

Moving to 306:
 slew sent CUPULA=153
 slew ack: GIRANDO
 slew fin: CUPULA=0153
 getAz sent POSICAO?
 getAz ack CUPULA=0153
 slew time: 2.579
done

Moving to 307:
 slew sent CUPULA=153
 slew ack: GIRANDO
 slew fin: CUPULA=0153
 getAz sent POSICAO?
 getAz ack CUPULA=0153
 slew time: 0.879
done

Moving to 308:
 slew sent CUPULA=154
 slew ack: GIRANDO
 slew fin: CUPULA=0154
 getAz sent POSICAO?
 getAz ack CUPULA=0154
 slew time: 2.339
done

Moving to 309:
 slew sent CUPULA=154
 slew ack: GIRANDO
 slew fin: CUPULA=0154
 getAz sent POSICAO?
 getAz ack CUPULA=0154
 slew time: 0.879
done

Moving to 310:
 slew sent CUPULA=155
 slew ack: GIRANDO
 slew fin: CUPULA=0155
 getAz sent POSICAO?
 getAz ack CUPULA=0155
 slew time: 2.399
done

Moving to 311:
 slew sent CUPULA=155
 slew ack: GIRANDO
 slew fin: CUPULA=0155
 getAz sent POSICAO?
 getAz ack CUPULA=0155
 slew time: 0.879
done

Moving to 312:
 slew sent CUPULA=156
 slew ack: GIRANDO
 slew fin: CUPULA=0156
 getAz sent POSICAO?
 getAz ack CUPULA=0156
 slew time: 2.599
done

Moving to 313:
 slew sent CUPULA=156
 slew ack: GIRANDO
 slew fin: CUPULA=0156
 getAz sent POSICAO?
 getAz ack CUPULA=0156
 slew time: 0.879
done

Moving to 314:
 slew sent CUPULA=157
 slew ack: GIRANDO
 slew fin: CUPULA=0157
 getAz sent POSICAO?
 getAz ack CUPULA=0157
 slew time: 2.469
done

Moving to 315:
 slew sent CUPULA=157
 slew ack: GIRANDO
 slew fin: CUPULA=0157
 getAz sent POSICAO?
 getAz ack CUPULA=0157
 slew time: 0.870
done

Moving to 316:
 slew sent CUPULA=158
 slew ack: GIRANDO
 slew fin: CUPULA=0158
 getAz sent POSICAO?
 getAz ack CUPULA=0158
 slew time: 2.649
done

Moving to 317:
 slew sent CUPULA=158
 slew ack: GIRANDO
 slew fin: CUPULA=0158
 getAz sent POSICAO?
 getAz ack CUPULA=0158
 slew time: 0.879
done

Moving to 318:
 slew sent CUPULA=159
 slew ack: GIRANDO
 slew fin: CUPULA=0159
 getAz sent POSICAO?
 getAz ack CUPULA=0159
 slew time: 2.469
done

Moving to 319:
 slew sent CUPULA=159
 slew ack: GIRANDO
 slew fin: CUPULA=0159
 getAz sent POSICAO?
 getAz ack CUPULA=0159
 slew time: 0.869
done

Moving to 320:
 slew sent CUPULA=160
 slew ack: GIRANDO
 slew fin: CUPULA=0160
 getAz sent POSICAO?
 getAz ack CUPULA=0160
 slew time: 2.429
done

Moving to 321:
 slew sent CUPULA=160
 slew ack: GIRANDO
 slew fin: CUPULA=0160
 getAz sent POSICAO?
 getAz ack CUPULA=0160
 slew time: 0.869
done

Moving to 322:
 slew sent CUPULA=161
 slew ack: GIRANDO
 slew fin: CUPULA=0161
 getAz sent POSICAO?
 getAz ack CUPULA=0161
 slew time: 2.379
done

Moving to 323:
 slew sent CUPULA=161
 slew ack: GIRANDO
 slew fin: CUPULA=0161
 getAz sent POSICAO?
 getAz ack CUPULA=0161
 slew time: 0.879
done

Moving to 324:
 slew sent CUPULA=162
 slew ack: GIRANDO
 slew fin: CUPULA=0162
 getAz sent POSICAO?
 getAz ack CUPULA=0162
 slew time: 2.349
done

Moving to 325:
 slew sent CUPULA=162
 slew ack: GIRANDO
 slew fin: CUPULA=0162
 getAz sent POSICAO?
 getAz ack CUPULA=0162
 slew time: 0.869
done

Moving to 326:
 slew sent CUPULA=163
 slew ack: GIRANDO
 slew fin: CUPULA=0163
 getAz sent POSICAO?
 getAz ack CUPULA=0163
 slew time: 2.409
done

Moving to 327:
 slew sent CUPULA=163
 slew ack: GIRANDO
 slew fin: CUPULA=0163
 getAz sent POSICAO?
 getAz ack CUPULA=0163
 slew time: 0.869
done

Moving to 328:
 slew sent CUPULA=164
 slew ack: GIRANDO
 slew fin: CUPULA=0164
 getAz sent POSICAO?
 getAz ack CUPULA=0164
 slew time: 2.470
done

Moving to 329:
 slew sent CUPULA=164
 slew ack: GIRANDO
 slew fin: CUPULA=0164
 getAz sent POSICAO?
 getAz ack CUPULA=0164
 slew time: 0.869
done

Moving to 330:
 slew sent CUPULA=165
 slew ack: GIRANDO
 slew fin: CUPULA=0165
 getAz sent POSICAO?
 getAz ack CUPULA=0165
 slew time: 2.339
done

Moving to 331:
 slew sent CUPULA=165
 slew ack: GIRANDO
 slew fin: CUPULA=0165
 getAz sent POSICAO?
 getAz ack CUPULA=0165
 slew time: 0.869
done

Moving to 332:
 slew sent CUPULA=166
 slew ack: GIRANDO
 slew fin: CUPULA=0166
 getAz sent POSICAO?
 getAz ack CUPULA=0166
 slew time: 2.369
done

Moving to 333:
 slew sent CUPULA=166
 slew ack: GIRANDO
 slew fin: CUPULA=0166
 getAz sent POSICAO?
 getAz ack CUPULA=0166
 slew time: 0.879
done

Moving to 334:
 slew sent CUPULA=167
 slew ack: GIRANDO
 slew fin: CUPULA=0167
 getAz sent POSICAO?
 getAz ack CUPULA=0167
 slew time: 2.429
done

Moving to 335:
 slew sent CUPULA=167
 slew ack: GIRANDO
 slew fin: CUPULA=0167
 getAz sent POSICAO?
 getAz ack CUPULA=0167
 slew time: 0.879
done

Moving to 336:
 slew sent CUPULA=168
 slew ack: GIRANDO
 slew fin: CUPULA=0168
 getAz sent POSICAO?
 getAz ack CUPULA=0168
 slew time: 2.369
done

Moving to 337:
 slew sent CUPULA=168
 slew ack: GIRANDO
 slew fin: CUPULA=0168
 getAz sent POSICAO?
 getAz ack CUPULA=0168
 slew time: 0.879
done

Moving to 338:
 slew sent CUPULA=169
 slew ack: GIRANDO
 slew fin: CUPULA=0169
 getAz sent POSICAO?
 getAz ack CUPULA=0169
 slew time: 2.439
done

Moving to 339:
 slew sent CUPULA=169
 slew ack: GIRANDO
 slew fin: CUPULA=0169
 getAz sent POSICAO?
 getAz ack CUPULA=0169
 slew time: 0.933
done

Moving to 340:
 slew sent CUPULA=170
 slew ack: GIRANDO
 slew fin: CUPULA=0170
 getAz sent POSICAO?
 getAz ack CUPULA=0170
 slew time: 2.599
done

Moving to 341:
 slew sent CUPULA=170
 slew ack: GIRANDO
 slew fin: CUPULA=0170
 getAz sent POSICAO?
 getAz ack CUPULA=0170
 slew time: 0.869
done

Moving to 342:
 slew sent CUPULA=171
 slew ack: GIRANDO
 slew fin: CUPULA=0171
 getAz sent POSICAO?
 getAz ack CUPULA=0171
 slew time: 1.529
done

Moving to 343:
 slew sent CUPULA=171
 slew ack: GIRANDO
 slew fin: CUPULA=0171
 getAz sent POSICAO?
 getAz ack CUPULA=0171
 slew time: 0.879
done

Moving to 344:
 slew sent CUPULA=172
 slew ack: GIRANDO
 slew fin: CUPULA=0172
 getAz sent POSICAO?
 getAz ack CUPULA=0172
 slew time: 24.300
done

Moving to 345:
 slew sent CUPULA=172
 slew ack: GIRANDO
 slew fin: CUPULA=0172
 getAz sent POSICAO?
 getAz ack CUPULA=0172
 slew time: 0.879
done

Moving to 346:
 slew sent CUPULA=173
 slew ack: GIRANDO
 slew fin: CUPULA=0173
 getAz sent POSICAO?
 getAz ack CUPULA=0173
 slew time: 2.469
done

Moving to 347:
 slew sent CUPULA=173
 slew ack: GIRANDO
 slew fin: CUPULA=0173
 getAz sent POSICAO?
 getAz ack CUPULA=0173
 slew time: 0.879
done

Moving to 348:
 slew sent CUPULA=174
 slew ack: GIRANDO
 slew fin: CUPULA=0174
 getAz sent POSICAO?
 getAz ack CUPULA=0174
 slew time: 2.439
done

Moving to 349:
 slew sent CUPULA=174
 slew ack: GIRANDO
 slew fin: CUPULA=0174
 getAz sent POSICAO?
 getAz ack CUPULA=0174
 slew time: 0.879
done

Moving to 350:
 slew sent CUPULA=175
 slew ack: GIRANDO
 slew fin: CUPULA=0175
 getAz sent POSICAO?
 getAz ack CUPULA=0175
 slew time: 2.599
done

Moving to 351:
 slew sent CUPULA=175
 slew ack: GIRANDO
 slew fin: CUPULA=0175
 getAz sent POSICAO?
 getAz ack CUPULA=0175
 slew time: 0.869
done

Moving to 352:
 slew sent CUPULA=176
 slew ack: GIRANDO
 slew fin: CUPULA=0176
 getAz sent POSICAO?
 getAz ack CUPULA=0176
 slew time: 2.459
done

Moving to 353:
 slew sent CUPULA=176
 slew ack: GIRANDO
 slew fin: CUPULA=0176
 getAz sent POSICAO?
 getAz ack CUPULA=0176
 slew time: 0.869
done

Moving to 354:
 slew sent CUPULA=177
 slew ack: GIRANDO
 slew fin: CUPULA=0177
 getAz sent POSICAO?
 getAz ack CUPULA=0177
 slew time: 2.429
done

Moving to 355:
 slew sent CUPULA=177
 slew ack: GIRANDO
 slew fin: CUPULA=0177
 getAz sent POSICAO?
 getAz ack CUPULA=0177
 slew time: 0.879
done

Moving to 356:
 slew sent CUPULA=178
 slew ack: GIRANDO
 slew fin: CUPULA=0178
 getAz sent POSICAO?
 getAz ack CUPULA=0178
 slew time: 2.550
done

Moving to 357:
 slew sent CUPULA=178
 slew ack: GIRANDO
 slew fin: CUPULA=0178
 getAz sent POSICAO?
 getAz ack CUPULA=0178
 slew time: 0.869
done

Moving to 358:
 slew sent CUPULA=179
 slew ack: GIRANDO
 slew fin: CUPULA=0179
 getAz sent POSICAO?
 getAz ack CUPULA=0179
 slew time: 2.549
done

Moving to 359:
 slew sent CUPULA=179
 slew ack: GIRANDO
 slew fin: CUPULA=0179
 getAz sent POSICAO?
 getAz ack CUPULA=0179
 slew time: 0.869
done

==================================================
Finishing sequential test at 'Mon Jun 25 03:29:37 2007'. Test took 925.46 seconds.
==================================================

==================================================
Starting random test at (Mon Jun 25 03:29:37 2007)
==================================================
Moving to 186:
 slew sent CUPULA=093
 slew ack: GIRANDO
 slew fin: CUPULA=0093
 getAz sent POSICAO?
 getAz ack CUPULA=0093
 slew time: 36.437
done

Moving to 276:
 slew sent CUPULA=138
 slew ack: GIRANDO
 slew fin: CUPULA=0138
 getAz sent POSICAO?
 getAz ack CUPULA=0138
 slew time: 14.970
done

Moving to 165:
 slew sent CUPULA=082
 slew ack: GIRANDO
 slew fin: CUPULA=0082
 getAz sent POSICAO?
 getAz ack CUPULA=0082
 slew time: 18.180
done

Moving to 40:
 slew sent CUPULA=020
 slew ack: GIRANDO
 slew fin: CUPULA=0020
 getAz sent POSICAO?
 getAz ack CUPULA=0020
 slew time: 31.960
done

Moving to 243:
 slew sent CUPULA=121
 slew ack: GIRANDO
 slew fin: CUPULA=0121
 getAz sent POSICAO?
 getAz ack CUPULA=0121
 slew time: 24.340
done

Moving to 115:
 slew sent CUPULA=057
 slew ack: GIRANDO
 slew fin: CUPULA=0057
 getAz sent POSICAO?
 getAz ack CUPULA=0057
 slew time: 19.560
done

Moving to 159:
 slew sent CUPULA=079
 slew ack: GIRANDO
 slew fin: CUPULA=0079
 getAz sent POSICAO?
 getAz ack CUPULA=0079
 slew time: 18.470
done

Moving to 203:
 slew sent CUPULA=101
 slew ack: GIRANDO
 slew fin: CUPULA=0101
 getAz sent POSICAO?
 getAz ack CUPULA=0101
 slew time: 14.870
done

Moving to 164:
 slew sent CUPULA=082
 slew ack: GIRANDO
 slew fin: CUPULA=0082
 getAz sent POSICAO?
 getAz ack CUPULA=0082
 slew time: 12.780
done

Moving to 307:
 slew sent CUPULA=153
 slew ack: GIRANDO
 slew fin: CUPULA=0153
 getAz sent POSICAO?
 getAz ack CUPULA=0153
 slew time: 32.180
done

Moving to 4:
 slew sent CUPULA=002
 slew ack: GIRANDO
 slew fin: CUPULA=0002
 getAz sent POSICAO?
 getAz ack CUPULA=0002
 slew time: 11.339
done

Moving to 196:
 slew sent CUPULA=098
 slew ack: GIRANDO
 slew fin: CUPULA=0098
 getAz sent POSICAO?
 getAz ack CUPULA=0098
 slew time: 39.710
done

Moving to 238:
 slew sent CUPULA=119
 slew ack: GIRANDO
 slew fin: CUPULA=0119
 getAz sent POSICAO?
 getAz ack CUPULA=0119
 slew time: 17.150
done

Moving to 333:
 slew sent CUPULA=166
 slew ack: GIRANDO
 slew fin: CUPULA=0166
 getAz sent POSICAO?
 getAz ack CUPULA=0166
 slew time: 15.690
done

Moving to 240:
 slew sent CUPULA=120
 slew ack: GIRANDO
 slew fin: CUPULA=0120
 getAz sent POSICAO?
 getAz ack CUPULA=0120
 slew time: 16.400
done

Moving to 248:
 slew sent CUPULA=124
 slew ack: GIRANDO
 slew fin: CUPULA=0124
 getAz sent POSICAO?
 getAz ack CUPULA=0124
 slew time: 7.009
done

Moving to 199:
 slew sent CUPULA=099
 slew ack: GIRANDO
 slew fin: CUPULA=0099
 getAz sent POSICAO?
 getAz ack CUPULA=0099
 slew time: 9.899
done

Moving to 216:
 slew sent CUPULA=108
 slew ack: GIRANDO
 slew fin: CUPULA=0108
 getAz sent POSICAO?
 getAz ack CUPULA=0108
 slew time: 20.330
done

Moving to 26:
 slew sent CUPULA=013
 slew ack: GIRANDO
 slew fin: CUPULA=0013
 getAz sent POSICAO?
 getAz ack CUPULA=0013
 slew time: 26.480
done

Moving to 299:
 slew sent CUPULA=149
 slew ack: GIRANDO
 slew fin: CUPULA=0149
 getAz sent POSICAO?
 getAz ack CUPULA=0149
 slew time: 18.310
done

Moving to 188:
 slew sent CUPULA=094
 slew ack: GIRANDO
 slew fin: CUPULA=0094
 getAz sent POSICAO?
 getAz ack CUPULA=0094
 slew time: 20.940
done

Moving to 266:
 slew sent CUPULA=133
 slew ack: GIRANDO
 slew fin: CUPULA=0133
 getAz sent POSICAO?
 getAz ack CUPULA=0133
 slew time: 13.950
done

Moving to 57:
 slew sent CUPULA=028
 slew ack: GIRANDO
 slew fin: CUPULA=0028
 getAz sent POSICAO?
 getAz ack CUPULA=0028
 slew time: 31.760
done

Moving to 280:
 slew sent CUPULA=140
 slew ack: GIRANDO
 slew fin: CUPULA=0140
 getAz sent POSICAO?
 getAz ack CUPULA=0140
 slew time: 26.460
done

Moving to 66:
 slew sent CUPULA=033
 slew ack: GIRANDO
 slew fin: CUPULA=0033
 getAz sent POSICAO?
 getAz ack CUPULA=0033
 slew time: 49.170
done

Moving to 225:
 slew sent CUPULA=112
 slew ack: GIRANDO
 slew fin: CUPULA=0112
 getAz sent POSICAO?
 getAz ack CUPULA=0112
 slew time: 26.850
done

Moving to 23:
 slew sent CUPULA=011
 slew ack: GIRANDO
 slew fin: CUPULA=0011
 getAz sent POSICAO?
 getAz ack CUPULA=0011
 slew time: 31.880
done

Moving to 206:
 slew sent CUPULA=103
 slew ack: GIRANDO
 slew fin: CUPULA=0103
 getAz sent POSICAO?
 getAz ack CUPULA=0103
 slew time: 40.090
done

Moving to 69:
 slew sent CUPULA=034
 slew ack: GIRANDO
 slew fin: CUPULA=0034
 getAz sent POSICAO?
 getAz ack CUPULA=0034
 slew time: 38.480
done

Moving to 282:
 slew sent CUPULA=141
 slew ack: GIRANDO
 slew fin: CUPULA=0141
 getAz sent POSICAO?
 getAz ack CUPULA=0141
 slew time: 27.250
done

Moving to 249:
 slew sent CUPULA=124
 slew ack: GIRANDO
 slew fin: CUPULA=0124
 getAz sent POSICAO?
 getAz ack CUPULA=0124
 slew time: 11.260
done

Moving to 22:
 slew sent CUPULA=011
 slew ack: GIRANDO
 slew fin: CUPULA=0011
 getAz sent POSICAO?
 getAz ack CUPULA=0011
 slew time: 21.290
done

Moving to 144:
 slew sent CUPULA=072
 slew ack: GIRANDO
 slew fin: CUPULA=0072
 getAz sent POSICAO?
 getAz ack CUPULA=0072
 slew time: 31.910
done

Moving to 324:
 slew sent CUPULA=162
 slew ack: GIRANDO
 slew fin: CUPULA=0162
 getAz sent POSICAO?
 getAz ack CUPULA=0162
 slew time: 35.460
done

Moving to 74:
 slew sent CUPULA=037
 slew ack: GIRANDO
 slew fin: CUPULA=0037
 getAz sent POSICAO?
 getAz ack CUPULA=0037
 slew time: 24.060
done

Moving to 183:
 slew sent CUPULA=091
 slew ack: GIRANDO
 slew fin: CUPULA=0091
 getAz sent POSICAO?
 getAz ack CUPULA=0091
 slew time: 18.350
done

Moving to 214:
 slew sent CUPULA=107
 slew ack: GIRANDO
 slew fin: CUPULA=0107
 getAz sent POSICAO?
 getAz ack CUPULA=0107
 slew time: 12.820
done

Moving to 130:
 slew sent CUPULA=065
 slew ack: GIRANDO
 slew fin: CUPULA=0065
 getAz sent POSICAO?
 getAz ack CUPULA=0065
 slew time: 14.379
done

Moving to 304:
 slew sent CUPULA=152
 slew ack: GIRANDO
 slew fin: CUPULA=0152
 getAz sent POSICAO?
 getAz ack CUPULA=0152
 slew time: 31.870
done

Moving to 201:
 slew sent CUPULA=100
 slew ack: GIRANDO
 slew fin: CUPULA=0100
 getAz sent POSICAO?
 getAz ack CUPULA=0100
 slew time: 19.500
done

Moving to 42:
 slew sent CUPULA=021
 slew ack: GIRANDO
 slew fin: CUPULA=0021
 getAz sent POSICAO?
 getAz ack CUPULA=0021
 slew time: 28.850
done

Moving to 101:
 slew sent CUPULA=050
 slew ack: GIRANDO
 slew fin: CUPULA=0050
 getAz sent POSICAO?
 getAz ack CUPULA=0050
 slew time: 20.016
done

Moving to 226:
 slew sent CUPULA=113
 slew ack: GIRANDO
 slew fin: CUPULA=0113
 getAz sent POSICAO?
 getAz ack CUPULA=0113
 slew time: 22.910
done

Moving to 50:
 slew sent CUPULA=025
 slew ack: GIRANDO
 slew fin: CUPULA=0025
 getAz sent POSICAO?
 getAz ack CUPULA=0025
 slew time: 26.900
done

Moving to 316:
 slew sent CUPULA=158
 slew ack: GIRANDO
 slew fin: CUPULA=0158
 getAz sent POSICAO?
 getAz ack CUPULA=0158
 slew time: 29.540
done

Moving to 251:
 slew sent CUPULA=125
 slew ack: GIRANDO
 slew fin: CUPULA=0125
 getAz sent POSICAO?
 getAz ack CUPULA=0125
 slew time: 21.120
done

Moving to 340:
 slew sent CUPULA=170
 slew ack: GIRANDO
 slew fin: CUPULA=0170
 getAz sent POSICAO?
 getAz ack CUPULA=0170
 slew time: 15.110
done

Moving to 233:
 slew sent CUPULA=116
 slew ack: GIRANDO
 slew fin: CUPULA=0116
 getAz sent POSICAO?
 getAz ack CUPULA=0116
 slew time: 25.440
done

Moving to 294:
 slew sent CUPULA=147
 slew ack: GIRANDO
 slew fin: CUPULA=0147
 getAz sent POSICAO?
 getAz ack CUPULA=0147
 slew time: 18.489
done

Moving to 54:
 slew sent CUPULA=027
 slew ack: GIRANDO
 slew fin: CUPULA=0027
 getAz sent POSICAO?
 getAz ack CUPULA=0027
 slew time: 59.910
done

Moving to 128:
 slew sent CUPULA=064
 slew ack: GIRANDO
 slew fin: CUPULA=0064
 getAz sent POSICAO?
 getAz ack CUPULA=0064
 slew time: 22.829
done

Moving to 14:
 slew sent CUPULA=007
 slew ack: GIRANDO
 slew fin: CUPULA=0007
 getAz sent POSICAO?
 getAz ack CUPULA=0007
 slew time: 19.070
done

Moving to 290:
 slew sent CUPULA=145
 slew ack: GIRANDO
 slew fin: CUPULA=0145
 getAz sent POSICAO?
 getAz ack CUPULA=0145
 slew time: 20.430
done

Moving to 58:
 slew sent CUPULA=029
 slew ack: GIRANDO
 slew fin: CUPULA=0029
 getAz sent POSICAO?
 getAz ack CUPULA=0029
 slew time: 52.570
done

Moving to 108:
 slew sent CUPULA=054
 slew ack: GIRANDO
 slew fin: CUPULA=0054
 getAz sent POSICAO?
 getAz ack CUPULA=0054
 slew time: 9.949
done

Moving to 112:
 slew sent CUPULA=056
 slew ack: GIRANDO
 slew fin: CUPULA=0056
 getAz sent POSICAO?
 getAz ack CUPULA=0056
 slew time: 10.820
done

Moving to 2:
 slew sent CUPULA=001
 slew ack: GIRANDO
 slew fin: CUPULA=0001
 getAz sent POSICAO?
 getAz ack CUPULA=0001
 slew time: 18.110
done

Moving to 124:
 slew sent CUPULA=062
 slew ack: GIRANDO
 slew fin: CUPULA=0062
 getAz sent POSICAO?
 getAz ack CUPULA=0062
 slew time: 25.140
done

Moving to 106:
 slew sent CUPULA=053
 slew ack: GIRANDO
 slew fin: CUPULA=0053
 getAz sent POSICAO?
 getAz ack CUPULA=0053
 slew time: 11.589
done

Moving to 17:
 slew sent CUPULA=008
 slew ack: GIRANDO
 slew fin: CUPULA=0008
 getAz sent POSICAO?
 getAz ack CUPULA=0008
 slew time: 40.350
done

Moving to 84:
 slew sent CUPULA=042
 slew ack: GIRANDO
 slew fin: CUPULA=0042
 getAz sent POSICAO?
 getAz ack CUPULA=0042
 slew time: 21.100
done

Moving to 347:
 slew sent CUPULA=173
 slew ack: GIRANDO
 slew fin: CUPULA=0173
 getAz sent POSICAO?
 getAz ack CUPULA=0173
 slew time: 18.990
done

Moving to 356:
 slew sent CUPULA=178
 slew ack: GIRANDO
 slew fin: CUPULA=0178
 getAz sent POSICAO?
 getAz ack CUPULA=0178
 slew time: 9.939
done

Moving to 194:
 slew sent CUPULA=097
 slew ack: GIRANDO
 slew fin: CUPULA=0097
 getAz sent POSICAO?
 getAz ack CUPULA=0097
 slew time: 41.030
done

Moving to 338:
 slew sent CUPULA=169
 slew ack: GIRANDO
 slew fin: CUPULA=0169
 getAz sent POSICAO?
 getAz ack CUPULA=0169
 slew time: 39.630
done

Moving to 62:
 slew sent CUPULA=031
 slew ack: GIRANDO
 slew fin: CUPULA=0031
 getAz sent POSICAO?
 getAz ack CUPULA=0031
 slew time: 21.060
done

Moving to 140:
 slew sent CUPULA=070
 slew ack: GIRANDO
 slew fin: CUPULA=0070
 getAz sent POSICAO?
 getAz ack CUPULA=0070
 slew time: 29.530
done

Moving to 273:
 slew sent CUPULA=136
 slew ack: GIRANDO
 slew fin: CUPULA=0136
 getAz sent POSICAO?
 getAz ack CUPULA=0136
 slew time: 21.549
done

Moving to 60:
 slew sent CUPULA=030
 slew ack: GIRANDO
 slew fin: CUPULA=0030
 getAz sent POSICAO?
 getAz ack CUPULA=0030
 slew time: 26.700
done

Moving to 258:
 slew sent CUPULA=129
 slew ack: GIRANDO
 slew fin: CUPULA=0129
 getAz sent POSICAO?
 getAz ack CUPULA=0129
 slew time: 30.600
done

Moving to 158:
 slew sent CUPULA=079
 slew ack: GIRANDO
 slew fin: CUPULA=0079
 getAz sent POSICAO?
 getAz ack CUPULA=0079
 slew time: 27.560
done

Moving to 65:
 slew sent CUPULA=032
 slew ack: GIRANDO
 slew fin: CUPULA=0032
 getAz sent POSICAO?
 getAz ack CUPULA=0032
 slew time: 37.230
done

Moving to 37:
 slew sent CUPULA=018
 slew ack: GIRANDO
 slew fin: CUPULA=0018
 getAz sent POSICAO?
 getAz ack CUPULA=0018
 slew time: 15.760
done

Moving to 359:
 slew sent CUPULA=179
 slew ack: GIRANDO
 slew fin: CUPULA=0179
 getAz sent POSICAO?
 getAz ack CUPULA=0179
 slew time: 9.319
done

Moving to 61:
 slew sent CUPULA=030
 slew ack: GIRANDO
 slew fin: CUPULA=0030
 getAz sent POSICAO?
 getAz ack CUPULA=0030
 slew time: 16.459
done

Moving to 31:
 slew sent CUPULA=015
 slew ack: GIRANDO
 slew fin: CUPULA=0015
 getAz sent POSICAO?
 getAz ack CUPULA=0015
 slew time: 8.010
done

Moving to 337:
 slew sent CUPULA=168
 slew ack: GIRANDO
 slew fin: CUPULA=0168
 getAz sent POSICAO?
 getAz ack CUPULA=0168
 slew time: 11.430
done

Moving to 283:
 slew sent CUPULA=141
 slew ack: GIRANDO
 slew fin: CUPULA=0141
 getAz sent POSICAO?
 getAz ack CUPULA=0141
 slew time: 10.489
done

Moving to 67:
 slew sent CUPULA=033
 slew ack: GIRANDO
 slew fin: CUPULA=0033
 getAz sent POSICAO?
 getAz ack CUPULA=0033
 slew time: 26.190
done

Moving to 205:
 slew sent CUPULA=102
 slew ack: GIRANDO
 slew fin: CUPULA=0102
 getAz sent POSICAO?
 getAz ack CUPULA=0102
 slew time: 22.320
done

Moving to 342:
 slew sent CUPULA=171
 slew ack: GIRANDO
 slew fin: CUPULA=0171
 getAz sent POSICAO?
 getAz ack CUPULA=0171
 slew time: 24.610
done

Moving to 212:
 slew sent CUPULA=106
 slew ack: GIRANDO
 slew fin: CUPULA=0106
 getAz sent POSICAO?
 getAz ack CUPULA=0106
 slew time: 20.650
done

Moving to 232:
 slew sent CUPULA=116
 slew ack: GIRANDO
 slew fin: CUPULA=0116
 getAz sent POSICAO?
 getAz ack CUPULA=0116
 slew time: 16.459
done

Moving to 349:
 slew sent CUPULA=174
 slew ack: GIRANDO
 slew fin: CUPULA=0174
 getAz sent POSICAO?
 getAz ack CUPULA=0174
 slew time: 33.433
done

Moving to 25:
 slew sent CUPULA=012
 slew ack: GIRANDO
 slew fin: CUPULA=0012
 getAz sent POSICAO?
 getAz ack CUPULA=0012
 slew time: 25.060
done

Moving to 229:
 slew sent CUPULA=114
 slew ack: GIRANDO
 slew fin: CUPULA=0114
 getAz sent POSICAO?
 getAz ack CUPULA=0114
 slew time: 24.720
done

Moving to 190:
 slew sent CUPULA=095
 slew ack: GIRANDO
 slew fin: CUPULA=0095
 getAz sent POSICAO?
 getAz ack CUPULA=0095
 slew time: 13.880
done

Moving to 277:
 slew sent CUPULA=138
 slew ack: GIRANDO
 slew fin: CUPULA=0138
 getAz sent POSICAO?
 getAz ack CUPULA=0138
 slew time: 18.860
done

Moving to 293:
 slew sent CUPULA=146
 slew ack: GIRANDO
 slew fin: CUPULA=0146
 getAz sent POSICAO?
 getAz ack CUPULA=0146
 slew time: 12.199
done

Moving to 332:
 slew sent CUPULA=166
 slew ack: GIRANDO
 slew fin: CUPULA=0166
 getAz sent POSICAO?
 getAz ack CUPULA=0166
 slew time: 9.229
done

Moving to 41:
 slew sent CUPULA=020
 slew ack: GIRANDO
 slew fin: CUPULA=0020
 getAz sent POSICAO?
 getAz ack CUPULA=0020
 slew time: 17.020
done

Moving to 295:
 slew sent CUPULA=147
 slew ack: GIRANDO
 slew fin: CUPULA=0147
 getAz sent POSICAO?
 getAz ack CUPULA=0147
 slew time: 20.129
done

Moving to 102:
 slew sent CUPULA=051
 slew ack: GIRANDO
 slew fin: CUPULA=0051
 getAz sent POSICAO?
 getAz ack CUPULA=0051
 slew time: 28.990
done

Moving to 209:
 slew sent CUPULA=104
 slew ack: GIRANDO
 slew fin: CUPULA=0104
 getAz sent POSICAO?
 getAz ack CUPULA=0104
 slew time: 37.426
done

Moving to 236:
 slew sent CUPULA=118
 slew ack: GIRANDO
 slew fin: CUPULA=0118
 getAz sent POSICAO?
 getAz ack CUPULA=0118
 slew time: 24.150
done

Moving to 271:
 slew sent CUPULA=135
 slew ack: GIRANDO
 slew fin: CUPULA=0135
 getAz sent POSICAO?
 getAz ack CUPULA=0135
 slew time: 40.010
done

Moving to 308:
 slew sent CUPULA=154
 slew ack: GIRANDO
 slew fin: CUPULA=0154
 getAz sent POSICAO?
 getAz ack CUPULA=0154
 slew time: 10.679
done

Moving to 296:
 slew sent CUPULA=148
 slew ack: GIRANDO
 slew fin: CUPULA=0148
 getAz sent POSICAO?
 getAz ack CUPULA=0148
 slew time: 10.000
done

Moving to 244:
 slew sent CUPULA=122
 slew ack: GIRANDO
 slew fin: CUPULA=0122
 getAz sent POSICAO?
 getAz ack CUPULA=0122
 slew time: 28.110
done

Moving to 350:
 slew sent CUPULA=175
 slew ack: GIRANDO
 slew fin: CUPULA=0175
 getAz sent POSICAO?
 getAz ack CUPULA=0175
 slew time: 17.975
done

Moving to 352:
 slew sent CUPULA=176
 slew ack: GIRANDO
 slew fin: CUPULA=0176
 getAz sent POSICAO?
 getAz ack CUPULA=0176
 slew time: 2.624
done

Moving to 227:
 slew sent CUPULA=113
 slew ack: GIRANDO
 slew fin: CUPULA=0113
 getAz sent POSICAO?
 getAz ack CUPULA=0113
 slew time: 27.210
done

Moving to 237:
 slew sent CUPULA=118
 slew ack: GIRANDO
 slew fin: CUPULA=0118
 getAz sent POSICAO?
 getAz ack CUPULA=0118
 slew time: 7.198
done

Moving to 328:
 slew sent CUPULA=164
 slew ack: GIRANDO
 slew fin: CUPULA=0164
 getAz sent POSICAO?
 getAz ack CUPULA=0164
 slew time: 14.500
done

Moving to 24:
 slew sent CUPULA=012
 slew ack: GIRANDO
 slew fin: CUPULA=0012
 getAz sent POSICAO?
 getAz ack CUPULA=0012
 slew time: 13.270
done

Moving to 255:
 slew sent CUPULA=127
 slew ack: GIRANDO
 slew fin: CUPULA=0127
 getAz sent POSICAO?
 getAz ack CUPULA=0127
 slew time: 36.920
done

Moving to 168:
 slew sent CUPULA=084
 slew ack: GIRANDO
 slew fin: CUPULA=0084
 getAz sent POSICAO?
 getAz ack CUPULA=0084
 slew time: 35.370
done

Moving to 355:
 slew sent CUPULA=177
 slew ack: GIRANDO
 slew fin: CUPULA=0177
 getAz sent POSICAO?
 getAz ack CUPULA=0177
 slew time: 32.250
done

Moving to 173:
 slew sent CUPULA=086
 slew ack: GIRANDO
 slew fin: CUPULA=0086
 getAz sent POSICAO?
 getAz ack CUPULA=0086
 slew time: 28.570
done

Moving to 131:
 slew sent CUPULA=065
 slew ack: GIRANDO
 slew fin: CUPULA=0065
 getAz sent POSICAO?
 getAz ack CUPULA=0065
 slew time: 15.860
done

Moving to 118:
 slew sent CUPULA=059
 slew ack: GIRANDO
 slew fin: CUPULA=0059
 getAz sent POSICAO?
 getAz ack CUPULA=0059
 slew time: 23.950
done

Moving to 301:
 slew sent CUPULA=150
 slew ack: GIRANDO
 slew fin: CUPULA=0150
 getAz sent POSICAO?
 getAz ack CUPULA=0150
 slew time: 31.490
done

Moving to 345:
 slew sent CUPULA=172
 slew ack: GIRANDO
 slew fin: CUPULA=0172
 getAz sent POSICAO?
 getAz ack CUPULA=0172
 slew time: 12.180
done

Moving to 317:
 slew sent CUPULA=158
 slew ack: GIRANDO
 slew fin: CUPULA=0158
 getAz sent POSICAO?
 getAz ack CUPULA=0158
 slew time: 16.300
done

Moving to 29:
 slew sent CUPULA=014
 slew ack: GIRANDO
 slew fin: CUPULA=0014
 getAz sent POSICAO?
 getAz ack CUPULA=0014
 slew time: 18.798
done

Moving to 92:
 slew sent CUPULA=046
 slew ack: GIRANDO
 slew fin: CUPULA=0046
 getAz sent POSICAO?
 getAz ack CUPULA=0046
 slew time: 14.660
done

Moving to 141:
 slew sent CUPULA=070
 slew ack: GIRANDO
 slew fin: CUPULA=0070
 getAz sent POSICAO?
 getAz ack CUPULA=0070
 slew time: 9.439
done

Moving to 336:
 slew sent CUPULA=168
 slew ack: GIRANDO
 slew fin: CUPULA=0168
 getAz sent POSICAO?
 getAz ack CUPULA=0168
 slew time: 26.050
done

Moving to 52:
 slew sent CUPULA=026
 slew ack: GIRANDO
 slew fin: CUPULA=0026
 getAz sent POSICAO?
 getAz ack CUPULA=0026
 slew time: 22.930
done

Moving to 33:
 slew sent CUPULA=016
 slew ack: GIRANDO
 slew fin: CUPULA=0016
 getAz sent POSICAO?
 getAz ack CUPULA=0016
 slew time: 15.520
done

Moving to 113:
 slew sent CUPULA=056
 slew ack: GIRANDO
 slew fin: CUPULA=0056
 getAz sent POSICAO?
 getAz ack CUPULA=0056
 slew time: 24.060
done

Moving to 45:
 slew sent CUPULA=022
 slew ack: GIRANDO
 slew fin: CUPULA=0022
 getAz sent POSICAO?
 getAz ack CUPULA=0022
 slew time: 12.289
done

Moving to 7:
 slew sent CUPULA=003
 slew ack: GIRANDO
 slew fin: CUPULA=0003
 getAz sent POSICAO?
 getAz ack CUPULA=0003
 slew time: 18.900
done

Moving to 192:
 slew sent CUPULA=096
 slew ack: GIRANDO
 slew fin: CUPULA=0096
 getAz sent POSICAO?
 getAz ack CUPULA=0096
 slew time: 28.630
done

Moving to 137:
 slew sent CUPULA=068
 slew ack: GIRANDO
 slew fin: CUPULA=0068
 getAz sent POSICAO?
 getAz ack CUPULA=0068
 slew time: 21.800
done

Moving to 184:
 slew sent CUPULA=092
 slew ack: GIRANDO
 slew fin: CUPULA=0092
 getAz sent POSICAO?
 getAz ack CUPULA=0092
 slew time: 9.309
done

Moving to 1:
 slew sent CUPULA=000
 slew ack: GIRANDO
 slew fin: CUPULA=0000
 getAz sent POSICAO?
 getAz ack CUPULA=0000
 slew time: 26.700
done

Moving to 18:
 slew sent CUPULA=009
 slew ack: GIRANDO
 slew fin: CUPULA=0009
 getAz sent POSICAO?
 getAz ack CUPULA=0009
 slew time: 25.304
done

Moving to 134:
 slew sent CUPULA=067
 slew ack: GIRANDO
 slew fin: CUPULA=0067
 getAz sent POSICAO?
 getAz ack CUPULA=0067
 slew time: 19.280
done

Moving to 5:
 slew sent CUPULA=002
 slew ack: GIRANDO
 slew fin: CUPULA=0002
 getAz sent POSICAO?
 getAz ack CUPULA=0002
 slew time: 29.530
done

Moving to 259:
 slew sent CUPULA=129
 slew ack: GIRANDO
 slew fin: CUPULA=0129
 getAz sent POSICAO?
 getAz ack CUPULA=0129
 slew time: 20.100
done

Moving to 321:
 slew sent CUPULA=160
 slew ack: GIRANDO
 slew fin: CUPULA=0160
 getAz sent POSICAO?
 getAz ack CUPULA=0160
 slew time: 16.010
done

Moving to 354:
 slew sent CUPULA=177
 slew ack: GIRANDO
 slew fin: CUPULA=0177
 getAz sent POSICAO?
 getAz ack CUPULA=0177
 slew time: 8.099
done

Moving to 174:
 slew sent CUPULA=087
 slew ack: GIRANDO
 slew fin: CUPULA=0087
 getAz sent POSICAO?
 getAz ack CUPULA=0087
 slew time: 27.210
done

Moving to 281:
 slew sent CUPULA=140
 slew ack: GIRANDO
 slew fin: CUPULA=0140
 getAz sent POSICAO?
 getAz ack CUPULA=0140
 slew time: 21.880
done

Moving to 180:
 slew sent CUPULA=090
 slew ack: GIRANDO
 slew fin: CUPULA=0090
 getAz sent POSICAO?
 getAz ack CUPULA=0090
 slew time: 21.340
done

Moving to 211:
 slew sent CUPULA=105
 slew ack: GIRANDO
 slew fin: CUPULA=0105
 getAz sent POSICAO?
 getAz ack CUPULA=0105
 slew time: 30.732
done

Moving to 76:
 slew sent CUPULA=038
 slew ack: GIRANDO
 slew fin: CUPULA=0038
 getAz sent POSICAO?
 getAz ack CUPULA=0038
 slew time: 28.560
done

Moving to 11:
 slew sent CUPULA=005
 slew ack: GIRANDO
 slew fin: CUPULA=0005
 getAz sent POSICAO?
 getAz ack CUPULA=0005
 slew time: 15.940
done

Moving to 117:
 slew sent CUPULA=058
 slew ack: GIRANDO
 slew fin: CUPULA=0058
 getAz sent POSICAO?
 getAz ack CUPULA=0058
 slew time: 17.580
done

Moving to 207:
 slew sent CUPULA=103
 slew ack: GIRANDO
 slew fin: CUPULA=0103
 getAz sent POSICAO?
 getAz ack CUPULA=0103
 slew time: 18.640
done

Moving to 104:
 slew sent CUPULA=052
 slew ack: GIRANDO
 slew fin: CUPULA=0052
 getAz sent POSICAO?
 getAz ack CUPULA=0052
 slew time: 32.090
done

Moving to 202:
 slew sent CUPULA=101
 slew ack: GIRANDO
 slew fin: CUPULA=0101
 getAz sent POSICAO?
 getAz ack CUPULA=0101
 slew time: 17.410
done

Moving to 161:
 slew sent CUPULA=080
 slew ack: GIRANDO
 slew fin: CUPULA=0080
 getAz sent POSICAO?
 getAz ack CUPULA=0080
 slew time: 41.050
done

Moving to 142:
 slew sent CUPULA=071
 slew ack: GIRANDO
 slew fin: CUPULA=0071
 getAz sent POSICAO?
 getAz ack CUPULA=0071
 slew time: 13.299
done

Moving to 78:
 slew sent CUPULA=039
 slew ack: GIRANDO
 slew fin: CUPULA=0039
 getAz sent POSICAO?
 getAz ack CUPULA=0039
 slew time: 14.020
done

Moving to 86:
 slew sent CUPULA=043
 slew ack: GIRANDO
 slew fin: CUPULA=0043
 getAz sent POSICAO?
 getAz ack CUPULA=0043
 slew time: 8.029
done

Moving to 64:
 slew sent CUPULA=032
 slew ack: GIRANDO
 slew fin: CUPULA=0032
 getAz sent POSICAO?
 getAz ack CUPULA=0032
 slew time: 10.070
done

Moving to 157:
 slew sent CUPULA=078
 slew ack: GIRANDO
 slew fin: CUPULA=0078
 getAz sent POSICAO?
 getAz ack CUPULA=0078
 slew time: 38.090
done

Moving to 250:
 slew sent CUPULA=125
 slew ack: GIRANDO
 slew fin: CUPULA=0125
 getAz sent POSICAO?
 getAz ack CUPULA=0125
 slew time: 19.429
done

Moving to 156:
 slew sent CUPULA=078
 slew ack: GIRANDO
 slew fin: CUPULA=0078
 getAz sent POSICAO?
 getAz ack CUPULA=0078
 slew time: 21.220
done

Moving to 63:
 slew sent CUPULA=031
 slew ack: GIRANDO
 slew fin: CUPULA=0031
 getAz sent POSICAO?
 getAz ack CUPULA=0031
 slew time: 15.230
done

Moving to 155:
 slew sent CUPULA=077
 slew ack: GIRANDO
 slew fin: CUPULA=0077
 getAz sent POSICAO?
 getAz ack CUPULA=0077
 slew time: 22.520
done

Moving to 139:
 slew sent CUPULA=069
 slew ack: GIRANDO
 slew fin: CUPULA=0069
 getAz sent POSICAO?
 getAz ack CUPULA=0069
 slew time: 11.669
done

Moving to 320:
 slew sent CUPULA=160
 slew ack: GIRANDO
 slew fin: CUPULA=0160
 getAz sent POSICAO?
 getAz ack CUPULA=0160
 slew time: 33.460
done

Moving to 27:
 slew sent CUPULA=013
 slew ack: GIRANDO
 slew fin: CUPULA=0013
 getAz sent POSICAO?
 getAz ack CUPULA=0013
 slew time: 25.750
done

Moving to 278:
 slew sent CUPULA=139
 slew ack: GIRANDO
 slew fin: CUPULA=0139
 getAz sent POSICAO?
 getAz ack CUPULA=0139
 slew time: 37.560
done

Moving to 235:
 slew sent CUPULA=117
 slew ack: GIRANDO
 slew fin: CUPULA=0117
 getAz sent POSICAO?
 getAz ack CUPULA=0117
 slew time: 14.210
done

Moving to 98:
 slew sent CUPULA=049
 slew ack: GIRANDO
 slew fin: CUPULA=0049
 getAz sent POSICAO?
 getAz ack CUPULA=0049
 slew time: 21.840
done

Moving to 70:
 slew sent CUPULA=035
 slew ack: GIRANDO
 slew fin: CUPULA=0035
 getAz sent POSICAO?
 getAz ack CUPULA=0035
 slew time: 7.079
done

Moving to 79:
 slew sent CUPULA=039
 slew ack: GIRANDO
 slew fin: CUPULA=0039
 getAz sent POSICAO?
 getAz ack CUPULA=0039
 slew time: 7.939
done

Moving to 110:
 slew sent CUPULA=055
 slew ack: GIRANDO
 slew fin: CUPULA=0055
 getAz sent POSICAO?
 getAz ack CUPULA=0055
 slew time: 19.610
done

Moving to 93:
 slew sent CUPULA=046
 slew ack: GIRANDO
 slew fin: CUPULA=0046
 getAz sent POSICAO?
 getAz ack CUPULA=0046
 slew time: 24.580
done

Moving to 121:
 slew sent CUPULA=060
 slew ack: GIRANDO
 slew fin: CUPULA=0060
 getAz sent POSICAO?
 getAz ack CUPULA=0060
 slew time: 7.899
done

Moving to 154:
 slew sent CUPULA=077
 slew ack: GIRANDO
 slew fin: CUPULA=0077
 getAz sent POSICAO?
 getAz ack CUPULA=0077
 slew time: 12.039
done

Moving to 49:
 slew sent CUPULA=024
 slew ack: GIRANDO
 slew fin: CUPULA=0024
 getAz sent POSICAO?
 getAz ack CUPULA=0024
 slew time: 17.109
done

Moving to 38:
 slew sent CUPULA=019
 slew ack: GIRANDO
 slew fin: CUPULA=0019
 getAz sent POSICAO?
 getAz ack CUPULA=0019
 slew time: 8.099
done

Moving to 15:
 slew sent CUPULA=007
 slew ack: GIRANDO
 slew fin: CUPULA=0007
 getAz sent POSICAO?
 getAz ack CUPULA=0007
 slew time: 26.990
done

Moving to 147:
 slew sent CUPULA=073
 slew ack: GIRANDO
 slew fin: CUPULA=0073
 getAz sent POSICAO?
 getAz ack CUPULA=0073
 slew time: 43.810
done

Moving to 136:
 slew sent CUPULA=068
 slew ack: GIRANDO
 slew fin: CUPULA=0068
 getAz sent POSICAO?
 getAz ack CUPULA=0068
 slew time: 22.080
done

Moving to 302:
 slew sent CUPULA=151
 slew ack: GIRANDO
 slew fin: CUPULA=0151
 getAz sent POSICAO?
 getAz ack CUPULA=0151
 slew time: 26.160
done

Moving to 181:
 slew sent CUPULA=090
 slew ack: GIRANDO
 slew fin: CUPULA=0090
 getAz sent POSICAO?
 getAz ack CUPULA=0090
 slew time: 19.029
done

Moving to 263:
 slew sent CUPULA=131
 slew ack: GIRANDO
 slew fin: CUPULA=0131
 getAz sent POSICAO?
 getAz ack CUPULA=0131
 slew time: 32.240
done

Moving to 343:
 slew sent CUPULA=171
 slew ack: GIRANDO
 slew fin: CUPULA=0171
 getAz sent POSICAO?
 getAz ack CUPULA=0171
 slew time: 16.610
done

Moving to 153:
 slew sent CUPULA=076
 slew ack: GIRANDO
 slew fin: CUPULA=0076
 getAz sent POSICAO?
 getAz ack CUPULA=0076
 slew time: 38.620
done

Moving to 143:
 slew sent CUPULA=071
 slew ack: GIRANDO
 slew fin: CUPULA=0071
 getAz sent POSICAO?
 getAz ack CUPULA=0071
 slew time: 9.929
done

Moving to 13:
 slew sent CUPULA=006
 slew ack: GIRANDO
 slew fin: CUPULA=0006
 getAz sent POSICAO?
 getAz ack CUPULA=0006
 slew time: 25.380
done

Moving to 318:
 slew sent CUPULA=159
 slew ack: GIRANDO
 slew fin: CUPULA=0159
 getAz sent POSICAO?
 getAz ack CUPULA=0159
 slew time: 13.609
done

Moving to 215:
 slew sent CUPULA=107
 slew ack: GIRANDO
 slew fin: CUPULA=0107
 getAz sent POSICAO?
 getAz ack CUPULA=0107
 slew time: 16.310
done

Moving to 241:
 slew sent CUPULA=120
 slew ack: GIRANDO
 slew fin: CUPULA=0120
 getAz sent POSICAO?
 getAz ack CUPULA=0120
 slew time: 10.440
done

Moving to 48:
 slew sent CUPULA=024
 slew ack: GIRANDO
 slew fin: CUPULA=0024
 getAz sent POSICAO?
 getAz ack CUPULA=0024
 slew time: 29.930
done

Moving to 71:
 slew sent CUPULA=035
 slew ack: GIRANDO
 slew fin: CUPULA=0035
 getAz sent POSICAO?
 getAz ack CUPULA=0035
 slew time: 28.180
done

Moving to 306:
 slew sent CUPULA=153
 slew ack: GIRANDO
 slew fin: CUPULA=0153
 getAz sent POSICAO?
 getAz ack CUPULA=0153
 slew time: 23.320
done

Moving to 335:
 slew sent CUPULA=167
 slew ack: GIRANDO
 slew fin: CUPULA=0167
 getAz sent POSICAO?
 getAz ack CUPULA=0167
 slew time: 16.400
done

Moving to 94:
 slew sent CUPULA=047
 slew ack: GIRANDO
 slew fin: CUPULA=0047
 getAz sent POSICAO?
 getAz ack CUPULA=0047
 slew time: 20.529
done

Moving to 182:
 slew sent CUPULA=091
 slew ack: GIRANDO
 slew fin: CUPULA=0091
 getAz sent POSICAO?
 getAz ack CUPULA=0091
 slew time: 18.549
done

Moving to 245:
 slew sent CUPULA=122
 slew ack: GIRANDO
 slew fin: CUPULA=0122
 getAz sent POSICAO?
 getAz ack CUPULA=0122
 slew time: 11.660
done

Moving to 178:
 slew sent CUPULA=089
 slew ack: GIRANDO
 slew fin: CUPULA=0089
 getAz sent POSICAO?
 getAz ack CUPULA=0089
 slew time: 12.430
done

Moving to 107:
 slew sent CUPULA=053
 slew ack: GIRANDO
 slew fin: CUPULA=0053
 getAz sent POSICAO?
 getAz ack CUPULA=0053
 slew time: 11.999
done

Moving to 272:
 slew sent CUPULA=136
 slew ack: GIRANDO
 slew fin: CUPULA=0136
 getAz sent POSICAO?
 getAz ack CUPULA=0136
 slew time: 32.970
done

Moving to 298:
 slew sent CUPULA=149
 slew ack: GIRANDO
 slew fin: CUPULA=0149
 getAz sent POSICAO?
 getAz ack CUPULA=0149
 slew time: 11.629
done

Moving to 30:
 slew sent CUPULA=015
 slew ack: GIRANDO
 slew fin: CUPULA=0015
 getAz sent POSICAO?
 getAz ack CUPULA=0015
 slew time: 24.120
done

Moving to 129:
 slew sent CUPULA=064
 slew ack: GIRANDO
 slew fin: CUPULA=0064
 getAz sent POSICAO?
 getAz ack CUPULA=0064
 slew time: 16.440
done

Moving to 20:
 slew sent CUPULA=010
 slew ack: GIRANDO
 slew fin: CUPULA=0010
 getAz sent POSICAO?
 getAz ack CUPULA=0010
 slew time: 18.120
done

Moving to 265:
 slew sent CUPULA=132
 slew ack: GIRANDO
 slew fin: CUPULA=0132
 getAz sent POSICAO?
 getAz ack CUPULA=0132
 slew time: 23.170
done

Moving to 330:
 slew sent CUPULA=165
 slew ack: GIRANDO
 slew fin: CUPULA=0165
 getAz sent POSICAO?
 getAz ack CUPULA=0165
 slew time: 19.980
done

Moving to 286:
 slew sent CUPULA=143
 slew ack: GIRANDO
 slew fin: CUPULA=0143
 getAz sent POSICAO?
 getAz ack CUPULA=0143
 slew time: 33.160
done

Moving to 285:
 slew sent CUPULA=142
 slew ack: GIRANDO
 slew fin: CUPULA=0142
 getAz sent POSICAO?
 getAz ack CUPULA=0142
 slew time: 2.609
done

Moving to 242:
 slew sent CUPULA=121
 slew ack: GIRANDO
 slew fin: CUPULA=0121
 getAz sent POSICAO?
 getAz ack CUPULA=0121
 slew time: 8.061
done

Moving to 275:
 slew sent CUPULA=137
 slew ack: GIRANDO
 slew fin: CUPULA=0137
 getAz sent POSICAO?
 getAz ack CUPULA=0137
 slew time: 43.450
done

Moving to 81:
 slew sent CUPULA=040
 slew ack: GIRANDO
 slew fin: CUPULA=0040
 getAz sent POSICAO?
 getAz ack CUPULA=0040
 slew time: 25.080
done

Moving to 55:
 slew sent CUPULA=027
 slew ack: GIRANDO
 slew fin: CUPULA=0027
 getAz sent POSICAO?
 getAz ack CUPULA=0027
 slew time: 16.300
done

Moving to 47:
 slew sent CUPULA=023
 slew ack: GIRANDO
 slew fin: CUPULA=0023
 getAz sent POSICAO?
 getAz ack CUPULA=0023
 slew time: 8.209
done

Moving to 176:
 slew sent CUPULA=088
 slew ack: GIRANDO
 slew fin: CUPULA=0088
 getAz sent POSICAO?
 getAz ack CUPULA=0088
 slew time: 21.709
done

Moving to 291:
 slew sent CUPULA=145
 slew ack: GIRANDO
 slew fin: CUPULA=0145
 getAz sent POSICAO?
 getAz ack CUPULA=0145
 slew time: 21.380
done

Moving to 208:
 slew sent CUPULA=104
 slew ack: GIRANDO
 slew fin: CUPULA=0104
 getAz sent POSICAO?
 getAz ack CUPULA=0104
 slew time: 14.670
done

Moving to 269:
 slew sent CUPULA=134
 slew ack: GIRANDO
 slew fin: CUPULA=0134
 getAz sent POSICAO?
 getAz ack CUPULA=0134
 slew time: 14.130
done

Moving to 132:
 slew sent CUPULA=066
 slew ack: GIRANDO
 slew fin: CUPULA=0066
 getAz sent POSICAO?
 getAz ack CUPULA=0066
 slew time: 21.410
done

Moving to 319:
 slew sent CUPULA=159
 slew ack: GIRANDO
 slew fin: CUPULA=0159
 getAz sent POSICAO?
 getAz ack CUPULA=0159
 slew time: 40.880
done

Moving to 68:
 slew sent CUPULA=034
 slew ack: GIRANDO
 slew fin: CUPULA=0034
 getAz sent POSICAO?
 getAz ack CUPULA=0034
 slew time: 22.110
done

Moving to 346:
 slew sent CUPULA=173
 slew ack: GIRANDO
 slew fin: CUPULA=0173
 getAz sent POSICAO?
 getAz ack CUPULA=0173
 slew time: 29.500
done

Moving to 109:
 slew sent CUPULA=054
 slew ack: GIRANDO
 slew fin: CUPULA=0054
 getAz sent POSICAO?
 getAz ack CUPULA=0054
 slew time: 19.080
done

Moving to 224:
 slew sent CUPULA=112
 slew ack: GIRANDO
 slew fin: CUPULA=0112
 getAz sent POSICAO?
 getAz ack CUPULA=0112
 slew time: 16.950
done

Moving to 152:
 slew sent CUPULA=076
 slew ack: GIRANDO
 slew fin: CUPULA=0076
 getAz sent POSICAO?
 getAz ack CUPULA=0076
 slew time: 12.740
done

Moving to 270:
 slew sent CUPULA=135
 slew ack: GIRANDO
 slew fin: CUPULA=0135
 getAz sent POSICAO?
 getAz ack CUPULA=0135
 slew time: 21.990
done

Moving to 305:
 slew sent CUPULA=152
 slew ack: GIRANDO
 slew fin: CUPULA=0152
 getAz sent POSICAO?
 getAz ack CUPULA=0152
 slew time: 11.370
done

Moving to 162:
 slew sent CUPULA=081
 slew ack: GIRANDO
 slew fin: CUPULA=0081
 getAz sent POSICAO?
 getAz ack CUPULA=0081
 slew time: 34.370
done

Moving to 90:
 slew sent CUPULA=045
 slew ack: GIRANDO
 slew fin: CUPULA=0045
 getAz sent POSICAO?
 getAz ack CUPULA=0045
 slew time: 15.850
done

Moving to 99:
 slew sent CUPULA=049
 slew ack: GIRANDO
 slew fin: CUPULA=0049
 getAz sent POSICAO?
 getAz ack CUPULA=0049
 slew time: 8.439
done

Moving to 100:
 slew sent CUPULA=050
 slew ack: GIRANDO
 slew fin: CUPULA=0050
 getAz sent POSICAO?
 getAz ack CUPULA=0050
 slew time: 2.479
done

Moving to 133:
 slew sent CUPULA=066
 slew ack: GIRANDO
 slew fin: CUPULA=0066
 getAz sent POSICAO?
 getAz ack CUPULA=0066
 slew time: 9.290
done

Moving to 246:
 slew sent CUPULA=123
 slew ack: GIRANDO
 slew fin: CUPULA=0123
 getAz sent POSICAO?
 getAz ack CUPULA=0123
 slew time: 21.350
done

Moving to 303:
 slew sent CUPULA=151
 slew ack: GIRANDO
 slew fin: CUPULA=0151
 getAz sent POSICAO?
 getAz ack CUPULA=0151
 slew time: 18.700
done

Moving to 329:
 slew sent CUPULA=164
 slew ack: GIRANDO
 slew fin: CUPULA=0164
 getAz sent POSICAO?
 getAz ack CUPULA=0164
 slew time: 15.940
done

Moving to 300:
 slew sent CUPULA=150
 slew ack: GIRANDO
 slew fin: CUPULA=0150
 getAz sent POSICAO?
 getAz ack CUPULA=0150
 slew time: 19.110
done

Moving to 261:
 slew sent CUPULA=130
 slew ack: GIRANDO
 slew fin: CUPULA=0130
 getAz sent POSICAO?
 getAz ack CUPULA=0130
 slew time: 8.409
done

Moving to 348:
 slew sent CUPULA=174
 slew ack: GIRANDO
 slew fin: CUPULA=0174
 getAz sent POSICAO?
 getAz ack CUPULA=0174
 slew time: 16.979
done

Moving to 292:
 slew sent CUPULA=146
 slew ack: GIRANDO
 slew fin: CUPULA=0146
 getAz sent POSICAO?
 getAz ack CUPULA=0146
 slew time: 26.260
done

Moving to 6:
 slew sent CUPULA=003
 slew ack: GIRANDO
 slew fin: CUPULA=0003
 getAz sent POSICAO?
 getAz ack CUPULA=0003
 slew time: 14.610
done

Moving to 150:
 slew sent CUPULA=075
 slew ack: GIRANDO
 slew fin: CUPULA=0075
 getAz sent POSICAO?
 getAz ack CUPULA=0075
 slew time: 34.940
done

Moving to 149:
 slew sent CUPULA=074
 slew ack: GIRANDO
 slew fin: CUPULA=0074
 getAz sent POSICAO?
 getAz ack CUPULA=0074
 slew time: 14.160
done

Moving to 46:
 slew sent CUPULA=023
 slew ack: GIRANDO
 slew fin: CUPULA=0023
 getAz sent POSICAO?
 getAz ack CUPULA=0023
 slew time: 24.600
done

Moving to 87:
 slew sent CUPULA=043
 slew ack: GIRANDO
 slew fin: CUPULA=0043
 getAz sent POSICAO?
 getAz ack CUPULA=0043
 slew time: 24.260
done

Moving to 97:
 slew sent CUPULA=048
 slew ack: GIRANDO
 slew fin: CUPULA=0048
 getAz sent POSICAO?
 getAz ack CUPULA=0048
 slew time: 19.170
done

Moving to 253:
 slew sent CUPULA=126
 slew ack: GIRANDO
 slew fin: CUPULA=0126
 getAz sent POSICAO?
 getAz ack CUPULA=0126
 slew time: 24.410
done

Moving to 21:
 slew sent CUPULA=010
 slew ack: GIRANDO
 slew fin: CUPULA=0010
 getAz sent POSICAO?
 getAz ack CUPULA=0010
 slew time: 32.810
done

Moving to 309:
 slew sent CUPULA=154
 slew ack: GIRANDO
 slew fin: CUPULA=0154
 getAz sent POSICAO?
 getAz ack CUPULA=0154
 slew time: 14.240
done

Moving to 325:
 slew sent CUPULA=162
 slew ack: GIRANDO
 slew fin: CUPULA=0162
 getAz sent POSICAO?
 getAz ack CUPULA=0162
 slew time: 27.000
done

Moving to 175:
 slew sent CUPULA=087
 slew ack: GIRANDO
 slew fin: CUPULA=0087
 getAz sent POSICAO?
 getAz ack CUPULA=0087
 slew time: 26.830
done

Moving to 44:
 slew sent CUPULA=022
 slew ack: GIRANDO
 slew fin: CUPULA=0022
 getAz sent POSICAO?
 getAz ack CUPULA=0022
 slew time: 39.500
done

Moving to 189:
 slew sent CUPULA=094
 slew ack: GIRANDO
 slew fin: CUPULA=0094
 getAz sent POSICAO?
 getAz ack CUPULA=0094
 slew time: 24.890
done

Moving to 358:
 slew sent CUPULA=179
 slew ack: GIRANDO
 slew fin: CUPULA=0179
 getAz sent POSICAO?
 getAz ack CUPULA=0179
 slew time: 25.310
done

Moving to 254:
 slew sent CUPULA=127
 slew ack: GIRANDO
 slew fin: CUPULA=0127
 getAz sent POSICAO?
 getAz ack CUPULA=0127
 slew time: 17.829
done

Moving to 200:
 slew sent CUPULA=100
 slew ack: GIRANDO
 slew fin: CUPULA=0100
 getAz sent POSICAO?
 getAz ack CUPULA=0100
 slew time: 10.669
done

Moving to 289:
 slew sent CUPULA=144
 slew ack: GIRANDO
 slew fin: CUPULA=0144
 getAz sent POSICAO?
 getAz ack CUPULA=0144
 slew time: 23.580
done

Moving to 167:
 slew sent CUPULA=083
 slew ack: GIRANDO
 slew fin: CUPULA=0083
 getAz sent POSICAO?
 getAz ack CUPULA=0083
 slew time: 18.970
done

Moving to 9:
 slew sent CUPULA=004
 slew ack: GIRANDO
 slew fin: CUPULA=0004
 getAz sent POSICAO?
 getAz ack CUPULA=0004
 slew time: 34.680
done

Moving to 3:
 slew sent CUPULA=001
 slew ack: GIRANDO
 slew fin: CUPULA=0001
 getAz sent POSICAO?
 getAz ack CUPULA=0001
 slew time: 5.209
done

Moving to 315:
 slew sent CUPULA=157
 slew ack: GIRANDO
 slew fin: CUPULA=0157
 getAz sent POSICAO?
 getAz ack CUPULA=0157
 slew time: 20.320
done

Moving to 43:
 slew sent CUPULA=021
 slew ack: GIRANDO
 slew fin: CUPULA=0021
 getAz sent POSICAO?
 getAz ack CUPULA=0021
 slew time: 15.810
done

Moving to 222:
 slew sent CUPULA=111
 slew ack: GIRANDO
 slew fin: CUPULA=0111
 getAz sent POSICAO?
 getAz ack CUPULA=0111
 slew time: 28.020
done

Moving to 51:
 slew sent CUPULA=025
 slew ack: GIRANDO
 slew fin: CUPULA=0025
 getAz sent POSICAO?
 getAz ack CUPULA=0025
 slew time: 28.980
done

Moving to 39:
 slew sent CUPULA=019
 slew ack: GIRANDO
 slew fin: CUPULA=0019
 getAz sent POSICAO?
 getAz ack CUPULA=0019
 slew time: 9.669
done

Moving to 34:
 slew sent CUPULA=017
 slew ack: GIRANDO
 slew fin: CUPULA=0017
 getAz sent POSICAO?
 getAz ack CUPULA=0017
 slew time: 8.469
done

Moving to 327:
 slew sent CUPULA=163
 slew ack: GIRANDO
 slew fin: CUPULA=0163
 getAz sent POSICAO?
 getAz ack CUPULA=0163
 slew time: 44.871
done

Moving to 322:
 slew sent CUPULA=161
 slew ack: GIRANDO
 slew fin: CUPULA=0161
 getAz sent POSICAO?
 getAz ack CUPULA=0161
 slew time: 14.820
done

Moving to 72:
 slew sent CUPULA=036
 slew ack: GIRANDO
 slew fin: CUPULA=0036
 getAz sent POSICAO?
 getAz ack CUPULA=0036
 slew time: 29.950
done

Moving to 170:
 slew sent CUPULA=085
 slew ack: GIRANDO
 slew fin: CUPULA=0085
 getAz sent POSICAO?
 getAz ack CUPULA=0085
 slew time: 21.790
done

Moving to 77:
 slew sent CUPULA=038
 slew ack: GIRANDO
 slew fin: CUPULA=0038
 getAz sent POSICAO?
 getAz ack CUPULA=0038
 slew time: 18.739
done

Moving to 230:
 slew sent CUPULA=115
 slew ack: GIRANDO
 slew fin: CUPULA=0115
 getAz sent POSICAO?
 getAz ack CUPULA=0115
 slew time: 43.760
done

Moving to 96:
 slew sent CUPULA=048
 slew ack: GIRANDO
 slew fin: CUPULA=0048
 getAz sent POSICAO?
 getAz ack CUPULA=0048
 slew time: 23.970
done

Moving to 195:
 slew sent CUPULA=097
 slew ack: GIRANDO
 slew fin: CUPULA=0097
 getAz sent POSICAO?
 getAz ack CUPULA=0097
 slew time: 20.240
done

Moving to 83:
 slew sent CUPULA=041
 slew ack: GIRANDO
 slew fin: CUPULA=0041
 getAz sent POSICAO?
 getAz ack CUPULA=0041
 slew time: 18.349
done

Moving to 32:
 slew sent CUPULA=016
 slew ack: GIRANDO
 slew fin: CUPULA=0016
 getAz sent POSICAO?
 getAz ack CUPULA=0016
 slew time: 12.369
done

Moving to 239:
