[henrique@dolly dev]$ chimera -C . -c /MeadeTest/test
==================================================
Park and unpark test
==================================================
Initial conditions (post power-on):
align mode: POLAR
ra : +19 00 5.00
dec: +0 31 3.00
az : +181 59 5.00
alt: +67 58 20.00
lat : -22 32 0.00
long: +45 34 0.00
date: 06/25/07
time: 00:47:46
to utc: +03
lst: 18:57:08
tracking rate: 60.1

Starting the scope...

Scope location, date, time updated, new conditions:
align mode: POLAR
ra : +19 00 5.00
dec: +0 31 3.00
az : +181 55 52.00
alt: +67 58 22.00
lat : -22 32 0.00
long: +45 34 0.00
date: 06/25/07
time: 00:47:51
to utc: +03
lst: 18:57:13
tracking rate: 60.1

Pooling telescope position:
            18:57:13          +19 00 6.00           +0 31 3.00        +181 55 39.00         +67 58 22.00
            18:57:14          +19 00 5.00           +0 31 3.00        +181 54 44.00         +67 58 23.00
            18:57:16          +19 00 6.00           +0 31 3.00         +181 54 4.00         +67 58 24.00
            18:57:17          +19 00 6.00           +0 31 3.00        +181 53 25.00         +67 58 24.00
            18:57:18          +19 00 6.00           +0 31 3.00        +181 52 33.00         +67 58 25.00
            18:57:19          +19 00 6.00           +0 31 3.00        +181 51 53.00         +67 58 25.00
            18:57:20          +19 00 6.00           +0 31 3.00        +181 50 57.00         +67 58 26.00
            18:57:21          +19 00 6.00           +0 31 3.00        +181 50 17.00         +67 58 26.00
            18:57:23          +19 00 6.00           +0 31 3.00        +181 49 23.00         +67 58 27.00
            18:57:24          +19 00 6.00           +0 31 3.00        +181 48 45.00         +67 58 27.00

Slewing... to 15:00:00 -20:00:00

Parking the scope at Mon Jun 25 00:48:30 2007 (lst: 18:57:53)

Pooling telescope position:
            18:58:16         +18 57 53.00          +0 00 28.00        +179 45 49.00         +67 27 31.00
            18:58:17           +0 00 0.00           +0 00 0.00          +0 05 26.00          +0 01 26.00
            18:58:18           +0 00 0.00           +0 00 0.00          +0 05 26.00          +0 01 26.00
            18:58:19           +0 00 0.00           +0 00 0.00          +0 05 26.00          +0 01 26.00
            18:58:20           +0 00 0.00           +0 00 0.00          +0 05 26.00          +0 01 26.00
            18:58:22           +0 00 0.00           +0 00 0.00          +0 05 26.00          +0 01 26.00
            18:58:23           +0 00 0.00           +0 00 0.00          +0 05 26.00          +0 01 26.00
            18:58:24           +0 00 0.00           +0 00 0.00          +0 05 26.00          +0 01 26.00
            18:58:25           +0 00 0.00           +0 00 0.00          +0 05 26.00          +0 01 26.00
            18:58:26           +0 00 0.00           +0 00 0.00          +0 05 26.00          +0 01 26.00

Waiting                                           /|  

Unparking the scope at Mon Jun 25 01:19:05 2007 (lst: 19:28:32)

Pooling telescope position:
            19:28:37          +19 28 9.00          +0 00 29.00        +179 42 57.00         +67 28 28.00
            19:28:38         +19 28 10.00          +0 00 28.00         +179 42 3.00         +67 27 31.00
            19:28:39         +19 28 10.00          +0 00 28.00        +179 41 23.00         +67 27 31.00
            19:28:40         +19 28 10.00          +0 00 28.00        +179 40 42.00         +67 27 31.00
            19:28:42         +19 28 10.00          +0 00 28.00        +179 39 50.00         +67 27 31.00
            19:28:43         +19 28 10.00          +0 00 28.00        +179 39 11.00         +67 27 31.00
            19:28:44         +19 28 10.00          +0 00 28.00        +179 38 19.00         +67 27 31.00
            19:28:45         +19 28 10.00          +0 00 28.00        +179 37 40.00         +67 27 30.00
            19:28:46         +19 28 10.00          +0 00 28.00        +179 36 46.00         +67 27 30.00
            19:28:47         +19 28 10.00          +0 00 28.00         +179 36 6.00         +67 27 30.00
==================================================
